0:100  0:100  MemLog inited, TSC freq: 2711792680
0:100  0:000  CPU was calibrated with RTC
0:100  0:000  
0:100  0:000  Now is 23.10.2018,  11:4:37 (GMT)
0:100  0:000  Starting Clover revision: 4617 on Lenovo EFI
0:100  0:000  Build with: [Args: -D NO_GRUB_DRIVERS_EMBEDDED | -D NO_GRUB_DRIVERS_EMBEDDED -D USE_LOW_EBDA -a X64 -b RELEASE -t XCODE8 -n 5 | OS: 10.13.6 | XCODE: 9.4.1]
0:100  0:000  SelfDevicePath=PciRoot(0x0)\Pci(0x17,0x0)\Sata(0x0,0x0,0x0)\HD(1,GPT,897D3E89-3E46-4076-90E3-EAACD901493D,0x28,0x64000) @873E6218
0:100  0:000  SelfDirPath = \EFI\CLOVER
0:100  0:000  === [ Get Smbios ] ========================================
0:101  0:001  Type 16 Index = 0
0:101  0:000  Total Memory Slots Count = 2
0:101  0:000  Type 17 Index = 0
0:101  0:000  SmbiosTable.Type17->Speed = 2133MHz
0:101  0:000  SmbiosTable.Type17->Size = 8192MB
0:101  0:000  SmbiosTable.Type17->Bank/Device = BANK 0 ChannelA-DIMM0
0:101  0:000  SmbiosTable.Type17->Vendor = SK Hynix
0:101  0:000  SmbiosTable.Type17->SerialNumber = 7164F60C
0:101  0:000  SmbiosTable.Type17->PartNumber = HMA41GS6AFR8N-TF    
0:101  0:000  Type 17 Index = 1
0:101  0:000  SmbiosTable.Type17->Speed = 2133MHz
0:101  0:000  SmbiosTable.Type17->Size = 8192MB
0:101  0:000  SmbiosTable.Type17->Bank/Device = BANK 2 ChannelB-DIMM0
0:101  0:000  SmbiosTable.Type17->Vendor = Samsung
0:101  0:000  SmbiosTable.Type17->SerialNumber = 978A6CF2
0:101  0:000  SmbiosTable.Type17->PartNumber = M471A1K43CB1-CRC    
0:101  0:000  Boot status=0
0:101  0:000  Running on: '20FWCT01WW' with board '20FWCT01WW'
0:101  0:000  === [ GetCPUProperties ] ==================================
0:101  0:000  CPU Vendor = 756E6547 Model=506E3
0:101  0:000   The CPU supported SSE4.1
0:101  0:000  BrandString = Intel(R) Core(TM) i7-6820HQ CPU @ 2.70GHz
0:101  0:000   The CPU supported turbo
0:101  0:000  MSR 0x35               40008
0:101  0:000   TSC/CCC Information Leaf:
0:101  0:000    numerator     : 226
0:101  0:000    denominator   : 2
0:101  0:000   Calibrated ARTFrequency: 23998165
0:101  0:000  MSR 0xE2 before patch 7E008006
0:101  0:000  MSR 0xE2 is locked, PM patches will be turned on
0:101  0:000  MSR 0xCE              0008083B_F1011B00
0:101  0:000  corrected FLEX_RATIO = 80000
0:101  0:000  MSR 0x1B0             00000000
0:101  0:000  FSBFrequency = 100 MHz, DMI FSBFrequency = 100 MHz, Corrected FSBFrequency = 100 MHz
0:101  0:000  MaxDiv/MinDiv: 27.0/8
0:101  0:000  Turbo: 32/33/34/36
0:101  0:000  Features: 0xBFEBFBFF
0:101  0:000  Threads: 8
0:101  0:000  Cores: 4
0:101  0:000  FSB: 100 MHz
0:101  0:000  CPU: 2700 MHz
0:101  0:000  TSC: 2700 MHz
0:101  0:000  PIS: 100 MHz
0:101  0:000  ExternalClock: 25 MHz
0:101  0:000  === [ GetDevices ] ========================================
0:101  0:000  PCI (00|00:00.00) : 8086 1910 class=060000
0:101  0:000  PCI (00|00:01.00) : 8086 1901 class=060400
0:101  0:000  PCI (00|00:01.02) : 8086 1909 class=060400
0:101  0:000  PCI (00|02:00.00) : 10DE 134D class=030200
0:101  0:000  PCI (00|00:02.00) : 8086 191B class=030000
0:101  0:000   - GFX: Model=Intel HD Graphics 530 (Intel)
0:101  0:000  PCI (00|00:14.00) : 8086 A12F class=0C0330
0:101  0:000  PCI (00|00:14.02) : 8086 A131 class=118000
0:101  0:000  PCI (00|00:16.00) : 8086 A13A class=078000
0:101  0:000  PCI (00|00:17.00) : 8086 A103 class=010601
0:101  0:000  PCI (00|00:1C.00) : 8086 A110 class=060400
0:101  0:000  PCI (00|03:00.00) : 14E4 43B1 class=028000
0:101  0:000   - WIFI: Vendor=Broadcom
0:101  0:000  PCI (00|00:1C.04) : 8086 A114 class=060400
0:101  0:000  PCI (00|04:00.00) : 10EC 522A class=FF0000
0:101  0:000  PCI (00|00:1F.00) : 8086 A14D class=060100
0:101  0:000  PCI (00|00:1F.02) : 8086 A121 class=058000
0:101  0:000  PCI (00|00:1F.03) : 8086 A170 class=040300
0:101  0:000  PCI (00|00:1F.04) : 8086 A123 class=0C0500
0:101  0:000  PCI (00|00:1F.06) : 8086 15B7 class=020000
0:101  0:000   - LAN: 0 Vendor=Intel
0:102  0:000  === [ GetDefaultSettings ] ================================
0:102  0:000  Clover load options size = 40 bytes
0:102  0:000  Clover started with option to boot boot.efi from Preboot
0:107  0:005  EFI\CLOVER\config.plist loaded: Success
0:111  0:004  === [ GetListOfThemes ] ===================================
0:111  0:000  - [00]: SimpleThemeDark
0:111  0:000  - [01]: Hackintosh_ID
0:112  0:000  - [02]: ThinkPad
0:113  0:000  === [ Found config plists ] ===============================
0:114  0:000  - config.plist
0:114  0:000  === [ GetEarlyUserSettings ] ==============================
0:114  0:000  timeout set to 3
0:114  0:000  Custom boot CUSTOM_BOOT_DISABLED (0x0)
0:114  0:000  KextsToPatch: 9 requested
0:114  0:000   - [00]: IOBluetoothFamily (10.11+-BT4LE-Handoff-Hotspot-lisai9093) :: BinPatch :: data len: 8
0:114  0:000   - [01]: com.apple.iokit.IONVMeFamily (IONVMeFamily Preferred Block Size 0x10 -> 0x01, credit RehabMan based on 10.12 patch (c) Pike R. Alpha ) :: MatchOS: 10.13.x :: BinPatch :: data len: 9
0:114  0:000   - patch disabled at config
0:114  0:000   - [02]: IOAHCIBlockStorage (Enable TRIM for SSD) :: BinPatch :: data len: 11
0:114  0:000   - [03]: com.apple.driver.AppleIntelSKLGraphicsFramebuffer (Disable minStolenSize less or equal fStolenMemorySize assertion, 10.13.2/3 (credit PMHeart, , shdkpr2008)) :: MatchOS: 10.13.2,10.13.3,10.13.4 :: BinPatch :: data len: 6
0:114  0:000   - [04]: com.apple.driver.AppleIntelSKLGraphicsFramebuffer (0x191B0000 All Patch by FB-Patcher (credit headkaze)) :: BinPatch :: data len: 20
0:114  0:000   - [05]: com.apple.driver.AppleIntelSKLGraphicsFramebuffer (0x191B0000 Connector Patch by FB-Patcher (credit headkaze)) :: BinPatch :: data len: 48
0:114  0:000   - [06]: com.apple.driver.AppleIntelSKLGraphicsFramebuffer (Disable minStolenSize less or equal fStolenMemorySize assertion, 10.12.0 ( (based on Austere.J patch)) :: MatchOS: 10.12.x :: BinPatch :: data len: 7
0:114  0:000   - [07]: com.apple.driver.AppleIntelKBLGraphicsFramebuffer (0x591b0000, 32MB BIOS, 19MB framebuffer 9MB cursor bytes (credit RehabMan)) :: BinPatch :: data len: 8
0:114  0:000   - [08]: com.apple.driver.AppleIntelKBLGraphicsFramebuffer (0x591b0000, 0105 instead of 0306, HDMI) :: BinPatch :: data len: 36
0:114  0:000  KernelToPatch: 3 requested
0:114  0:000   - [00]: MSR 0xE2 _xcpm_idle instant reboot(c) Pike R. Alpha :: data len: 8
0:114  0:000   - [01]: Disable panic kext logging on 10.13 Debug kernel :: MatchOS: 10.13 :: data len: 6
0:114  0:000   - [02]: Disable panic kext logging on 10.13 Release kernel :: MatchOS: 10.13 :: data len: 6
0:114  0:000  Default theme: ThinkPad
0:114  0:000  Hiding entries with string Preboot
0:114  0:000  ** Warning: unknown custom entry Type 'Other'
0:114  0:000  === [ LoadDrivers ] =======================================
0:115  0:000  Loading HFSPlus.efi  status=Success
0:116  0:001   - driver needs connecting
0:116  0:000  Loading AppleImageCodec-64.efi  status=Success
0:117  0:000  Loading AppleUITheme-64.efi  status=Success
0:118  0:000  Loading DataHubDxe-64.efi  status=Success
0:130  0:012  Loading AppleKeyAggregator-64.efi  status=Success
0:130  0:000  Loading apfs.efi  status=Success
0:134  0:003   - driver needs connecting
0:134  0:000  Loading FSInject-64.efi  status=Success
0:135  0:001  Loading FirmwareVolume-64.efi  status=Success
0:136  0:000  Loading NvmExpressDxe-64.efi  status=Success
0:136  0:000   - driver needs connecting
0:136  0:000  Loading AptioMemoryFix.efi  status=Success
0:137  0:001  3 drivers needs connecting ...
0:137  0:000  PlatformDriverOverrideProtocol not found. Installing ... Success
0:138  0:000  HFS+ driver loaded
0:138  0:000  APFS driver loaded
0:138  0:000  Searching for invalid DiskIo BY_DRIVER connects: not found, all ok
5:635  5:497  === [ InitScreen ] ========================================
5:635  0:000  SetMaxResolution: found best mode 0: 2560x1440
5:635  0:000   - already set
5:635  0:000  Console modes reported: 8, available modes:
5:635  0:000   - [01]: 80x25
5:635  0:000   - [03]: 320x75 (current mode)
5:635  0:000   - [04]: 100x31
5:635  0:000   - [05]: 128x40
5:635  0:000   - [06]: 160x53
5:635  0:000   - [07]: 200x63
5:635  0:000   - [08]: 240x75
5:635  0:000  SetScreenResolution: 2560x1440 - already set
5:635  0:000  reinit: self device path=PciRoot(0x0)\Pci(0x17,0x0)\Sata(0x0,0x0,0x0)\HD(1,GPT,897D3E89-3E46-4076-90E3-EAACD901493D,0x28,0x64000)
5:635  0:000  === [ GetMacAddress ] =====================================
5:635  0:000  MAC address of LAN #0= 54:E1:AD:59:28:58:
5:635  0:000  MAC address of LAN #1= 54:E1:AD:59:28:58:
5:635  0:000  MAC address of LAN #2= 54:E1:AD:59:28:58:
5:635  0:000  MAC address of LAN #3= 54:E1:AD:59:28:58:
5:635  0:000  === [ ScanSPD ] ===========================================
5:636  0:000  SMBus device : 8086 A123 class=0C0500 status=Success
5:636  0:000  SMBus CmdReg: 0x1
5:636  0:000  Scanning SMBus [8086:A123], mmio: 0xF244D004, ioport: 0xEFA0, hostc: 0x11
5:636  0:000  Slots to scan [8]...
5:636  0:000  SPD[0]: Type 12 @0x50
5:654  0:017  DDR speed 2134MHz
5:654  0:000  Slot: 0 Type 26 8192MB 2134MHz Vendor=SK Hynix PartNo=HMA41GS6AFR8N-TF SerialNo=070106040F06000C
5:655  0:000  SPD[2]: Type 12 @0x52
5:673  0:018  DDR speed 2400MHz
5:673  0:000  Slot: 2 Type 26 8192MB 2400MHz Vendor=Samsung PartNo=M471A1K43CB1-CRC SerialNo=0907080A060C0F02
5:674  0:000  === [ GetAcpiTablesList ] =================================
5:682  0:008  Get Acpi Tables List from RSDT:
5:682  0:000   - [00]: FACP  TP-R07   len=244
5:682  0:000   - [01]: UEFI  TP-R07   len=66
5:682  0:000   - [02]: SSDT  SaSsdt  len=19863
5:682  0:000   - [03]: SSDT  PerfTune len=1477
5:682  0:000   - [04]: ECDT  TP-R07   len=82
5:682  0:000   - [05]: HPET  TP-R07   len=56
5:682  0:000   - [06]: APIC  TP-R07   len=188
5:682  0:000   - [07]: MCFG  TP-R07   len=60
5:682  0:000   - [08]: SSDT  SataAhci len=6354
5:682  0:000   - [09]: DBGP  TP-R07   len=52
5:682  0:000   - [10]: DBG2  TP-R07   len=84
5:682  0:000   - [11]: BOOT  TP-R07   len=40
5:682  0:000   - [12]: BATB  TP-R07   len=74
5:682  0:000   - [13]: SLIC  TP-R07   len=374
5:682  0:000   - [14]: SSDT  Cpu0Ist len=1642
5:682  0:000   - [15]: SSDT  CpuSsdt len=3699
5:682  0:000   - [16]: SSDT  CtdpB len=985
5:682  0:000   - [17]: MSDM  TP-R07   len=85
5:682  0:000   - [18]: SSDT  NvOptTbl len=4101
5:682  0:000   - [19]: SSDT  SgPch len=1842
5:682  0:000   - [20]: ASF!  TP-R07   len=165
5:682  0:000   - [21]: FPDT  TP-R07   len=68
5:682  0:000   - [22]: BGRT  TP-R07   len=56
5:682  0:000   - [23]: UEFI  TP-R07   len=318
5:682  0:000  Calibrated TSC Frequency = 2711792680 = 2711MHz
5:682  0:000  === [ GetUserSettings ] ===================================
5:682  0:000  Add 1 devices:
5:683  0:000  USB FixOwnership: yes
5:683  0:000  Dropping 2 tables:
5:683  0:000   - [00]: Drop table  signature="SSDT" (54445353) table-id="xh_rvp10" (30317076725F6878)
5:683  0:000           - set table: 54445353, 30317076725F6878 to drop: no
5:683  0:000   - [01]: Drop table  signature="DMAR" (52414D44)
5:683  0:000           - set table: 52414D44,                0 to drop: no
5:683  0:000   - final DSDT Fix mask=40000050
5:683  0:000  PatchesDSDT: 27 requested
5:683  0:000   - [00]: (change XHCI to XHC) lenToFind: 4, lenToReplace: 4, Target Bridge: <null string>
5:683  0:000   - [01]: (change PCI0.VID to IGPU #1 (Thinkpad), optionally pair with SSDT-IGPU.aml) lenToFind: 8, lenToReplace: 8, Target Bridge: <null string>
5:683  0:000   - [02]: (change PCI0.VID to IGPU #2 (Thinkpad), optionally pair with SSDT-IGPU.aml) lenToFind: 14, lenToReplace: 14, Target Bridge: <null string>
5:683  0:000   - [03]: (change EC0 to EC) lenToFind: 4, lenToReplace: 4, Target Bridge: <null string>
5:683  0:000    patch disabled at config
5:683  0:000   - [04]: (change _DSM to XDSM) lenToFind: 4, lenToReplace: 4, Target Bridge: <null string>
5:683  0:000   - [05]: (change _OSI to XOSI, pair with SSDT-XOSI.aml) lenToFind: 4, lenToReplace: 4, Target Bridge: <null string>
5:683  0:000   - [06]: (change EHC1 to EH01, optionally pair with SSDT-EH01.aml) lenToFind: 4, lenToReplace: 4, Target Bridge: <null string>
5:683  0:000   - [07]: (change EHC2 to EH02, optionally pair with SSDT-EH02.aml) lenToFind: 4, lenToReplace: 4, Target Bridge: <null string>
5:683  0:000   - [08]: (change GFX0 to IGPU, optionally pair with SSDT-IGPU.aml) lenToFind: 4, lenToReplace: 4, Target Bridge: <null string>
5:683  0:000   - [09]: (change HDAS to HDEF, optionally pair with SSDT-HDEF.aml) lenToFind: 4, lenToReplace: 4, Target Bridge: <null string>
5:683  0:000   - [10]: (change HECI to IMEI, optionally pair with SSDT-IMEI.aml) lenToFind: 4, lenToReplace: 4, Target Bridge: <null string>
5:683  0:000   - [11]: (change MEI to IMEI, optionally pair with SSDT-IMEI.aml) lenToFind: 4, lenToReplace: 4, Target Bridge: <null string>
5:683  0:000   - [12]: (change SAT0 to SATA, optionally pair with SSDT-SATA.aml) lenToFind: 4, lenToReplace: 4, Target Bridge: <null string>
5:683  0:000   - [13]: (change LPC to LPCB, optionally pair with SSDT-EHCI_Disable.aml, SSDT-LPC.aml) lenToFind: 4, lenToReplace: 4, Target Bridge: <null string>
5:683  0:000    patch disabled at config
5:683  0:000   - [14]: (change Method(XWAK,0,N) to ZWAK, pair with SSDT-XWAK.aml) lenToFind: 5, lenToReplace: 5, Target Bridge: <null string>
5:683  0:000   - [15]: (change Method(XWAK,0,S) to ZWAK, pair with SSDT-XWAK.aml) lenToFind: 5, lenToReplace: 5, Target Bridge: <null string>
5:683  0:000   - [16]: (change Method(XSEL,0,N) to XSEZ, pair with SSDT-XSEL.aml) lenToFind: 5, lenToReplace: 5, Target Bridge: <null string>
5:683  0:000   - [17]: (change Method(XSEL,0,S) to XSEZ, pair with SSDT-XSEL.aml) lenToFind: 5, lenToReplace: 5, Target Bridge: <null string>
5:683  0:000   - [18]: (change Method(ESEL,0,N) to ESEZ, pair with SSDT-ESEL.aml) lenToFind: 5, lenToReplace: 5, Target Bridge: <null string>
5:683  0:000   - [19]: (change Method(ESEL,0,S) to ESEZ, pair with SSDT-ESEL.aml) lenToFind: 5, lenToReplace: 5, Target Bridge: <null string>
5:683  0:000   - [20]: (change Method(GPRW,2,N) to XPRW, pair with SSDT-GPRW.aml) lenToFind: 5, lenToReplace: 5, Target Bridge: <null string>
5:683  0:000   - [21]: (change Method(UPRW,2,N) to XPRW, pair with SSDT-UPRW.aml) lenToFind: 7, lenToReplace: 7, Target Bridge: <null string>
5:683  0:000   - [22]: (change LANC Method(_PRW,0,S) to Method(XPRW,0,..), pair with SSDT-LANC_PRW.aml) lenToFind: 11, lenToReplace: 11, Target Bridge: <null string>
5:683  0:000   - [23]: (change Method(_PTS,1,N) to ZPTS, pair with SSDT-PTSWAK.aml) lenToFind: 5, lenToReplace: 5, Target Bridge: <null string>
5:683  0:000    patch disabled at config
5:683  0:000   - [24]: (change Method(_PTS,1,S) to ZPTS, pair with SSDT-PTSWAK.aml) lenToFind: 5, lenToReplace: 5, Target Bridge: <null string>
5:683  0:000    patch disabled at config
5:683  0:000   - [25]: (change Method(_WAK,1,N) to ZWAK, pair with SSDT-PTSWAK.aml) lenToFind: 5, lenToReplace: 5, Target Bridge: <null string>
5:683  0:000    patch disabled at config
5:683  0:000   - [26]: (change Method(_WAK,1,S) to ZWAK, pair with SSDT-PTSWAK.aml) lenToFind: 5, lenToReplace: 5, Target Bridge: <null string>
5:683  0:000    patch disabled at config
5:683  0:000  Using ProductName from config: MacBookPro13,3
5:683  0:000  Found same BiosVersion in clover and config
5:683  0:000  BiosVersion: MBP133.88Z.0247.B00.1806261159
5:683  0:000  BiosReleaseDate: 06/26/2018
5:683  0:000  Using FirmwareFeatures from config: 0xFC0FE13F
5:683  0:000  Using FirmwareFeaturesMask from config: 0xFF1FFF3F
5:683  0:000  Board-ID set from config as Mac-A5C67F76ED83108C
5:683  0:000  BoardType: 0xA
5:683  0:000  ChassisType: 0x9
5:685  0:002  === [ Found DSDT tables ] =================================
5:686  0:000  - DSDT.aml
6:851  1:164  === [ ScanVolumes ] =======================================
6:851  0:000  Found 7 volumes with blockIO
6:851  0:000  - [00]: Volume: PciRoot(0x0)\Pci(0x17,0x0)\Sata(0x0,0x0,0x0)
6:853  0:002  - [01]: Volume: PciRoot(0x0)\Pci(0x17,0x0)\Sata(0x0,0x0,0x0)\HD(1,GPT,897D3E89-3E46-4076-90E3-EAACD901493D,0x28,0x64000)
6:854  0:000          Result of bootcode detection: bootable unknown (legacy)
6:854  0:000          This is SelfVolume !!
6:854  0:000  - [02]: Volume: PciRoot(0x0)\Pci(0x17,0x0)\Sata(0x0,0x0,0x0)\HD(2,GPT,3A155AF9-5109-46D6-B0A4-81B671172ABB,0x64028,0xEE18260)
6:854  0:000          Result of bootcode detection: bootable unknown (legacy)
6:854  0:000  - [03]: Volume: PciRoot(0x0)\Pci(0x17,0x0)\Sata(0x0,0x0,0x0)\HD(2,GPT,3A155AF9-5109-46D6-B0A4-81B671172ABB,0x64028,0xEE18260)\VenMedia(BE74FCF7-0B7C-49F3-9147-01F4042E6842,19DFBE6BA3874D48BF176E96A819FCFB)
6:854  0:000          hiding this volume
6:854  0:000  - [04]: Volume: PciRoot(0x0)\Pci(0x17,0x0)\Sata(0x0,0x0,0x0)\HD(2,GPT,3A155AF9-5109-46D6-B0A4-81B671172ABB,0x64028,0xEE18260)\VenMedia(BE74FCF7-0B7C-49F3-9147-01F4042E6842,29EF3B21F6E56447B825DAA1726DF418)
6:854  0:000  - [05]: Volume: PciRoot(0x0)\Pci(0x17,0x0)\Sata(0x0,0x0,0x0)\HD(2,GPT,3A155AF9-5109-46D6-B0A4-81B671172ABB,0x64028,0xEE18260)\VenMedia(BE74FCF7-0B7C-49F3-9147-01F4042E6842,E647A3C6480CB84C92527646AAB8A81F)
6:854  0:000  - [06]: Volume: PciRoot(0x0)\Pci(0x17,0x0)\Sata(0x0,0x0,0x0)\HD(2,GPT,3A155AF9-5109-46D6-B0A4-81B671172ABB,0x64028,0xEE18260)\VenMedia(BE74FCF7-0B7C-49F3-9147-01F4042E6842,0E4220870E8DDE499A98BED5E3EAFB84)
6:855  0:000  === [ InitTheme ] =========================================
6:862  0:007  Using theme 'ThinkPad' (EFI\CLOVER\themes\ThinkPad)
6:862  0:000  OS main and drive as badge
6:862  0:000  Warning! Character width 9 should be even!
6:864  0:002  Loading font from ThemeDir: Success
6:865  0:000  Chosen theme ThinkPad
6:865  0:000  found boot-args in NVRAM:, size=1
6:865  0:000  after NVRAM boot-args=slide=0 dart=0 nv_disable=1 kext-dev-mode=1
6:865  0:000  === [ Dump SMC keys from NVRAM ] ==========================
6:865  0:000  no AppleSMC protocol
6:931  0:065  === [ AddCustomEntries ] ==================================
6:931  0:000  Custom entry 0 skipped because it is disabled.
6:931  0:000  === [ ScanLoader ] ========================================
6:931  0:000  - [01]: 'EFI'
6:932  0:000          AddLoaderEntry for Volume Name=EFI
6:932  0:000          skipped because entry is hidden
6:932  0:000  - [03]: 'Preboot', hidden
6:932  0:000  - [04]: 'Macintosh HD'
7:010  0:078          AddLoaderEntry for Volume Name=Macintosh HD
7:010  0:000      Not match custom entry 0: Type: not match
7:027  0:017      Check if volume Is Hibernated:
7:027  0:000      Check sleep image 'by signature':
7:052  0:024      read prefs \Library\Preferences\com.apple.PowerManagement.plist status=Success
7:052  0:000      using default sleep image name = \private\var\vm\sleepimage
7:068  0:015      sleepimage not found -> Not Found
7:068  0:000      hibernated: no - sign
7:083  0:015  - [05]: 'Recovery'
7:092  0:008          AddLoaderEntry for Volume Name=Recovery
7:092  0:000      Not match custom entry 0: Type: not match
7:108  0:016  - [06]: 'VM'
7:108  0:000  === [ AddCustomTool ] =====================================
7:109  0:000  found tool \EFI\CLOVER\tools\Shell64U.efi
7:109  0:000  Checking EFI partition Volume 1 for Clover
7:109  0:000   Found Clover
7:110  0:001  === [ GetEfiBootDeviceFromNvram ] =========================
7:111  0:000   - efi-boot-device-data: PciRoot(0x0)\Pci(0x17,0x0)\Sata(0x0,0x0,0x0)\HD(2,GPT,3A155AF9-5109-46D6-B0A4-81B671172ABB,0x64028,0xEE18260)\VenMedia(BE74FCF7-0B7C-49F3-9147-01F4042E6842,29EF3B21F6E56447B825DAA1726DF418)
7:111  0:000    - Volume: 'PciRoot(0x0)\Pci(0x17,0x0)\Sata(0x0,0x0,0x0)\HD(2,GPT,3A155AF9-5109-46D6-B0A4-81B671172ABB,0x64028,0xEE18260)\VenMedia(BE74FCF7-0B7C-49F3-9147-01F4042E6842,29EF3B21F6E56447B825DAA1726DF418)'
7:111  0:000    - LoaderPath: '<null string>'
7:111  0:000    - Guid = 3A155AF9-5109-46D6-B0A4-81B671172ABB
7:111  0:000  === [ FindStartupDiskVolume ] =============================
7:111  0:000    - Volume: partition = PciRoot(0x0)\Pci(0x17,0x0)\Sata(0x0,0x0,0x0)\HD(2,GPT,3A155AF9-5109-46D6-B0A4-81B671172ABB,0x64028,0xEE18260)\VenMedia(BE74FCF7-0B7C-49F3-9147-01F4042E6842,29EF3B21F6E56447B825DAA1726DF418)
7:111  0:000     - searching for that partition
7:111  0:000      - found entry 0. 'Boot macOS from Macintosh HD', Volume 'Macintosh HD'
7:111  0:000  Boot redirected to Entry 0. 'Boot macOS from Macintosh HD'
7:111  0:000  DefaultIndex=0 and MainMenu.EntryCount=8
7:716  0:605  GUI ready
12:006  4:290  DSDT found in Clover volume OEM folder: EFI\CLOVER\ACPI\patched\DSDT.aml
12:007  0:001  === [ FixBiosDsdt ] =======================================
12:007  0:000  VideoCard devID=0x191B8086
12:007  0:000  DisplayADR1[0] = 0x20000, DisplayADR2[0] = 0xFFFE
12:007  0:000  USBADR[0] = 0x140000 and PCIe = 0xFFFE
12:008  0:000  Found Airport BCM at 0x1C0000, 0x0
12:008  0:000  Patching DSDT:
12:008  0:000   - [change XHCI to XHC]: pattern 58484349, bin not found / already patched!
12:008  0:000   - [change PCI0.VID to IGPU #1 (Thinkpad), optionally pair with SSDT-IGPU.aml]: pattern 50434930, bin not found / already patched!
12:008  0:000   - [change PCI0.VID to IGPU #2 (Thinkpad), optionally pair with SSDT-IGPU.aml]: pattern 5649445F, bin not found / already patched!
12:008  0:000   - [change EC0 to EC]: disabled
12:008  0:000   - [change _DSM to XDSM]: pattern 5F44534D, patched at: [ (5EC4) (C8) (1C0) (349) (349) (349) (349) (349) (337) (1E5) (CBE) (B) (33) (4291) (156B) ]
12:008  0:000   - [change _OSI to XOSI, pair with SSDT-XOSI.aml]: pattern 5F4F5349, patched at: [ (1B04) (3) (2A) (22) (23) (1E) (1E) (1E) (1E) (1E) (17) ]
12:008  0:000   - [change EHC1 to EH01, optionally pair with SSDT-EH01.aml]: pattern 45484331, bin not found / already patched!
12:008  0:000   - [change EHC2 to EH02, optionally pair with SSDT-EH02.aml]: pattern 45484332, bin not found / already patched!
12:008  0:000   - [change GFX0 to IGPU, optionally pair with SSDT-IGPU.aml]: pattern 47465830, patched at: [ (97) (12) (12) (12) (12) (12) (12) (1BE5) (28F2) (85) (C23) (CAD) (2E01) (16) (557E) (B2) (777) (F) ]
12:008  0:000   - [change HDAS to HDEF, optionally pair with SSDT-HDEF.aml]: pattern 48444153, patched at: [ (83C5) ]
12:008  0:000   - [change HECI to IMEI, optionally pair with SSDT-IMEI.aml]: pattern 48454349, patched at: [ (83E4) ]
12:008  0:000   - [change MEI to IMEI, optionally pair with SSDT-IMEI.aml]: pattern 4D45495F, bin not found / already patched!
12:008  0:000   - [change SAT0 to SATA, optionally pair with SSDT-SATA.aml]: pattern 53415430, bin not found / already patched!
12:008  0:000   - [change LPC to LPCB, optionally pair with SSDT-EHCI_Disable.aml, SSDT-LPC.aml]: disabled
12:008  0:000   - [change Method(XWAK,0,N) to ZWAK, pair with SSDT-XWAK.aml]: pattern 5857414B, bin not found / already patched!
12:008  0:000   - [change Method(XWAK,0,S) to ZWAK, pair with SSDT-XWAK.aml]: pattern 5857414B, bin not found / already patched!
12:008  0:000   - [change Method(XSEL,0,N) to XSEZ, pair with SSDT-XSEL.aml]: pattern 5853454C, bin not found / already patched!
12:009  0:000   - [change Method(XSEL,0,S) to XSEZ, pair with SSDT-XSEL.aml]: pattern 5853454C, bin not found / already patched!
12:009  0:000   - [change Method(ESEL,0,N) to ESEZ, pair with SSDT-ESEL.aml]: pattern 4553454C, bin not found / already patched!
12:009  0:000   - [change Method(ESEL,0,S) to ESEZ, pair with SSDT-ESEL.aml]: pattern 4553454C, bin not found / already patched!
12:009  0:000   - [change Method(GPRW,2,N) to XPRW, pair with SSDT-GPRW.aml]: pattern 47505257, bin not found / already patched!
12:009  0:000   - [change Method(UPRW,2,N) to XPRW, pair with SSDT-UPRW.aml]: pattern 55505257, bin not found / already patched!
12:009  0:000   - [change LANC Method(_PRW,0,S) to Method(XPRW,0,..), pair with SSDT-LANC_PRW.aml]: pattern 00001900, bin not found / already patched!
12:009  0:000   - [change Method(_PTS,1,N) to ZPTS, pair with SSDT-PTSWAK.aml]: disabled
12:009  0:000   - [change Method(_PTS,1,S) to ZPTS, pair with SSDT-PTSWAK.aml]: disabled
12:009  0:000   - [change Method(_WAK,1,N) to ZWAK, pair with SSDT-PTSWAK.aml]: disabled
12:009  0:000   - [change Method(_WAK,1,S) to ZWAK, pair with SSDT-PTSWAK.aml]: disabled
12:009  0:000    0 replacements
12:009  0:000  first CPU found at 2C8 offset 2CB
12:009  0:000  score candidate at 2C4
12:009  0:000  score inserted in acpi_cpu_score _PR_
12:009  0:000  Found ACPI CPU: CPU0 | CPU1 | CPU2 | CPU3 | CPU4 | CPU5 | CPU6 | CPU7 , within the score: _PR_
12:009  0:000  Start PIC Fix
12:009  0:000  PIC size=33 at 383C
12:009  0:000  found PIC had IRQNoFlag will move -3 bytes
12:009  0:000  Fix Device PIC size -3
12:009  0:000  Start HPET Fix
12:010  0:000  Start Mutex Fix
12:028  0:018  DSDT saved to EFI\CLOVER\ACPI\origin\DSDT-40000050.aml
12:341  0:313  Found UEFI Acpi 2.0 RSDP at 8FFFE014
12:341  0:000  Saving ACPI tables from RSDP 8FFFE014 to EFI\CLOVER\ACPI\origin ...
12:341  0:000   8FFFE014: 'RSD PTR ', Rev: 2 (Acpi 2.0 or newer), Len: 36 -> RSDP.aml
12:354  0:012    (Xsdt: 8FFD1188, Rsdt: 8FFD10C4)
12:354  0:000    8FFD1188: 'XSDT', 'TP-R07', Rev: 1, Len: 228 -> XSDT.aml
12:366  0:011    8FFD10C4: 'RSDT', 'TP-R07', Rev: 1, Len: 132 -> RSDT.aml
12:376  0:010    Tables in Xsdt: 24
12:376  0:000    0. 8FFF6000: 'FACP', 'TP-R07', Rev: 5, Len: 244 -> FACP.aml
12:385  0:008        (Dsdt: 8FFE1000, Facs: 8FF40000, XDsdt: 8FFE1000, XFacs: 0)
12:385  0:000        8FFE1000: 'DSDT', 'TP-R07', Rev: 2, Len: 69018 -> DSDT.aml
12:398  0:012        8FF40000: 'FACS', Ver: 2, Len: 64 -> FACS.aml
12:409  0:011    1. 8FF57000: 'UEFI', 'TP-R07', Rev: 1, Len: 66 -> UEFI.aml
12:420  0:010    2. 8FFF8000: 'SSDT', 'SaSsdt', Rev: 2, Len: 19863 -> SSDT-0-SaSsdt.aml
12:430  0:009    3. 8FFF7000: 'SSDT', 'PerfTune', Rev: 2, Len: 1477 -> SSDT-1-PerfTune.aml
12:441  0:011    4. 8FFF5000: 'ECDT', 'TP-R07', Rev: 1, Len: 82 -> ECDT.aml
12:452  0:010    5. 8FFF4000: 'HPET', 'TP-R07', Rev: 1, Len: 56 -> HPET.aml
12:462  0:010    6. 8FFF3000: 'APIC', 'TP-R07', Rev: 3, Len: 188 -> APIC.aml
12:473  0:011    7. 8FFF2000: 'MCFG', 'TP-R07', Rev: 1, Len: 60 -> MCFG.aml
12:487  0:013    8. 8FFDF000: 'SSDT', 'SataAhci', Rev: 1, Len: 6354 -> SSDT-2-SataAhci.aml
12:494  0:007    9. 8FFDE000: 'DBGP', 'TP-R07', Rev: 1, Len: 52 -> DBGP.aml
12:503  0:008    10. 8FFDD000: 'DBG2', 'TP-R07', Rev: 0, Len: 84 -> DBG2.aml
12:514  0:010    11. 8FFDC000: 'BOOT', 'TP-R07', Rev: 1, Len: 40 -> BOOT.aml
12:522  0:008    12. 8FFDB000: 'BATB', 'TP-R07', Rev: 2, Len: 74 -> BATB.aml
12:534  0:012    13. 8FFDA000: 'SLIC', 'TP-R07', Rev: 1, Len: 374 -> SLIC.aml
12:545  0:010    14. 8FFD9000: 'SSDT', 'Cpu0Ist', Rev: 2, Len: 1642 -> SSDT-3-Cpu0Ist.aml
12:556  0:010    15. 8FFD8000: 'SSDT', 'CpuSsdt', Rev: 2, Len: 3699 -> SSDT-4-CpuSsdt.aml (Found hidden SSDT 7 pcs)
12:567  0:010        * 8FE24718: 'SSDT', 'Cpu0Ist', Rev: 2, Len: 1642  53 53 44 54 6A 06 00 00 02 5A 50 6D 52 65 66 00 Internal length = 1642 -> SSDT-x4_0-Cpu0Ist.aml
12:577  0:009        * 8FE21618: 'SSDT', 'ApIst', Rev: 2, Len: 1450  53 53 44 54 AA 05 00 00 02 D0 50 6D 52 65 66 00 Internal length = 1450 -> SSDT-x4_1-ApIst.aml
12:585  0:007        * 8FE21C18: 'SSDT', 'Cpu0Cst', Rev: 2, Len: 975  53 53 44 54 CF 03 00 00 02 36 50 6D 52 65 66 00 Internal length = 975 -> SSDT-x4_2-Cpu0Cst.aml
12:593  0:008        * 8FE22C18: 'SSDT', 'ApCst', Rev: 2, Len: 281  53 53 44 54 19 01 00 00 02 EC 50 6D 52 65 66 00 Internal length = 281 -> SSDT-x4_3-ApCst.aml
12:604  0:010        * 8FE23F18: 'SSDT', 'Cpu0Hwp', Rev: 2, Len: 142  53 53 44 54 8E 00 00 00 02 2D 50 6D 52 65 66 00 Internal length = 142 -> SSDT-x4_4-Cpu0Hwp.aml
12:613  0:008        * 8FE22A98: 'SSDT', 'ApHwp', Rev: 2, Len: 281  53 53 44 54 19 01 00 00 02 FF 50 6D 52 65 66 00 Internal length = 281 -> SSDT-x4_5-ApHwp.aml
12:624  0:011        * 8FE22D98: 'SSDT', 'HwpLvt', Rev: 2, Len: 304  53 53 44 54 30 01 00 00 02 87 50 6D 52 65 66 00 Internal length = 304 -> SSDT-x4_6-HwpLvt.aml
12:632  0:007  
12:632  0:000    16. 8FFD7000: 'SSDT', 'CtdpB', Rev: 2, Len: 985 -> SSDT-5-CtdpB.aml
12:644  0:012    17. 8FFD6000: 'MSDM', 'TP-R07', Rev: 3, Len: 85 -> MSDM.aml
12:653  0:008    18. 8FFD4000: 'SSDT', 'NvOptTbl', Rev: 1, Len: 4101 -> SSDT-6-NvOptTbl.aml
12:665  0:011    19. 8FFD3000: 'SSDT', 'SgPch', Rev: 2, Len: 1842 -> SSDT-7-SgPch.aml
12:673  0:008    20. 8FFD2000: 'ASF!', 'TP-R07', Rev: 32, Len: 165 -> ASF!.aml
12:684  0:010    21. 8FFFD000: 'FPDT', 'TP-R07', Rev: 1, Len: 68 -> FPDT.aml
12:696  0:012    22. 8FFD0000: 'BGRT', 'TP-R07', Rev: 1, Len: 56 -> BGRT.aml
12:704  0:008    23. 8FF1D000: 'UEFI', 'TP-R07', Rev: 1, Len: 318 -> UEFI.aml
12:717  0:012    Tables in Rsdt: 24
12:717  0:000    0. 8FFF6000: 'FACP', 'TP-R07', Rev: 5, Len: 244
12:717  0:000        (Dsdt: 8FFE1000, Facs: 8FF40000, XDsdt: 8FFE1000, XFacs: 0)
12:717  0:000        8FFE1000: 'DSDT', 'TP-R07', Rev: 2, Len: 69018
12:718  0:001        8FF40000: 'FACS', Ver: 2, Len: 64
12:718  0:000    1. 8FF57000: 'UEFI', 'TP-R07', Rev: 1, Len: 66
12:718  0:000    2. 8FFF8000: 'SSDT', 'SaSsdt', Rev: 2, Len: 19863
12:718  0:000    3. 8FFF7000: 'SSDT', 'PerfTune', Rev: 2, Len: 1477
12:718  0:000    4. 8FFF5000: 'ECDT', 'TP-R07', Rev: 1, Len: 82
12:718  0:000    5. 8FFF4000: 'HPET', 'TP-R07', Rev: 1, Len: 56
12:718  0:000    6. 8FFF3000: 'APIC', 'TP-R07', Rev: 3, Len: 188
12:718  0:000    7. 8FFF2000: 'MCFG', 'TP-R07', Rev: 1, Len: 60
12:718  0:000    8. 8FFDF000: 'SSDT', 'SataAhci', Rev: 1, Len: 6354
12:718  0:000    9. 8FFDE000: 'DBGP', 'TP-R07', Rev: 1, Len: 52
12:718  0:000    10. 8FFDD000: 'DBG2', 'TP-R07', Rev: 0, Len: 84
12:718  0:000    11. 8FFDC000: 'BOOT', 'TP-R07', Rev: 1, Len: 40
12:718  0:000    12. 8FFDB000: 'BATB', 'TP-R07', Rev: 2, Len: 74
12:718  0:000    13. 8FFDA000: 'SLIC', 'TP-R07', Rev: 1, Len: 374
12:718  0:000    14. 8FFD9000: 'SSDT', 'Cpu0Ist', Rev: 2, Len: 1642
12:718  0:000    15. 8FFD8000: 'SSDT', 'CpuSsdt', Rev: 2, Len: 3699
12:718  0:000    16. 8FFD7000: 'SSDT', 'CtdpB', Rev: 2, Len: 985
12:718  0:000    17. 8FFD6000: 'MSDM', 'TP-R07', Rev: 3, Len: 85
12:718  0:000    18. 8FFD4000: 'SSDT', 'NvOptTbl', Rev: 1, Len: 4101
12:718  0:000    19. 8FFD3000: 'SSDT', 'SgPch', Rev: 2, Len: 1842
12:718  0:000    20. 8FFD2000: 'ASF!', 'TP-R07', Rev: 32, Len: 165
12:718  0:000    21. 8FFFD000: 'FPDT', 'TP-R07', Rev: 1, Len: 68
12:718  0:000    22. 8FFD0000: 'BGRT', 'TP-R07', Rev: 1, Len: 56
12:718  0:000    23. 8FF1D000: 'UEFI', 'TP-R07', Rev: 1, Len: 318
12:718  0:000  Found UEFI Acpi 1.0 RSDP at 8FFFE000
12:718  0:000  Printing ACPI tables from RSDP 8FFFE000 ...
12:718  0:000   8FFFE000: 'RSD PTR ', Rev: 0 (Acpi 1.0), Len: 20
12:718  0:000    (Rsdt: 8FFD1000)
12:718  0:000    8FFD1000: 'RSDT', 'TP-R07', Rev: 1, Len: 128
12:718  0:000    Tables in Rsdt: 23
12:718  0:000    0. 8FFF6000: 'FACP', 'TP-R07', Rev: 5, Len: 244
12:718  0:000        (Dsdt: 8FFE1000, Facs: 8FF40000, XDsdt: 8FFE1000, XFacs: 0)
12:718  0:000        8FFE1000: 'DSDT', 'TP-R07', Rev: 2, Len: 69018
12:719  0:001        8FF40000: 'FACS', Ver: 2, Len: 64
12:719  0:000    1. 8FF57000: 'UEFI', 'TP-R07', Rev: 1, Len: 66
12:719  0:000    2. 8FFF8000: 'SSDT', 'SaSsdt', Rev: 2, Len: 19863
12:719  0:000    3. 8FFF7000: 'SSDT', 'PerfTune', Rev: 2, Len: 1477
12:719  0:000    4. 8FFF5000: 'ECDT', 'TP-R07', Rev: 1, Len: 82
12:719  0:000    5. 8FFF4000: 'HPET', 'TP-R07', Rev: 1, Len: 56
12:719  0:000    6. 8FFF3000: 'APIC', 'TP-R07', Rev: 3, Len: 188
12:719  0:000    7. 8FFF2000: 'MCFG', 'TP-R07', Rev: 1, Len: 60
12:719  0:000    8. 8FFDF000: 'SSDT', 'SataAhci', Rev: 1, Len: 6354
12:719  0:000    9. 8FFDE000: 'DBGP', 'TP-R07', Rev: 1, Len: 52
12:719  0:000    10. 8FFDD000: 'DBG2', 'TP-R07', Rev: 0, Len: 84
12:719  0:000    11. 8FFDC000: 'BOOT', 'TP-R07', Rev: 1, Len: 40
12:719  0:000    12. 8FFDB000: 'BATB', 'TP-R07', Rev: 2, Len: 74
12:719  0:000    13. 8FFD9000: 'SSDT', 'Cpu0Ist', Rev: 2, Len: 1642
12:719  0:000    14. 8FFD8000: 'SSDT', 'CpuSsdt', Rev: 2, Len: 3699
12:719  0:000    15. 8FFD7000: 'SSDT', 'CtdpB', Rev: 2, Len: 985
12:719  0:000    16. 8FFD6000: 'MSDM', 'TP-R07', Rev: 3, Len: 85
12:719  0:000    17. 8FFD4000: 'SSDT', 'NvOptTbl', Rev: 1, Len: 4101
12:719  0:000    18. 8FFD3000: 'SSDT', 'SgPch', Rev: 2, Len: 1842
12:719  0:000    19. 8FFD2000: 'ASF!', 'TP-R07', Rev: 32, Len: 165
12:719  0:000    20. 8FFFD000: 'FPDT', 'TP-R07', Rev: 1, Len: 68
12:719  0:000    21. 8FFD0000: 'BGRT', 'TP-R07', Rev: 1, Len: 56
12:719  0:000    22. 8FF1D000: 'UEFI', 'TP-R07', Rev: 1, Len: 318
45:247  32:527  Found UEFI Acpi 2.0 RSDP at 8FFFE014
45:247  0:000  Saving ACPI tables from RSDP 8FFFE014 to EFI\CLOVER\ACPI\origin ...
45:247  0:000   8FFFE014: 'RSD PTR ', Rev: 2 (Acpi 2.0 or newer), Len: 36 -> RSDP.aml
45:266  0:018    (Xsdt: 8FFD1188, Rsdt: 8FFD10C4)
45:266  0:000    8FFD1188: 'XSDT', 'TP-R07', Rev: 1, Len: 228 -> XSDT.aml
45:283  0:017    8FFD10C4: 'RSDT', 'TP-R07', Rev: 1, Len: 132 -> RSDT.aml
45:294  0:010    Tables in Xsdt: 24
45:294  0:000    0. 8FFF6000: 'FACP', 'TP-R07', Rev: 5, Len: 244 -> FACP.aml
45:311  0:016        (Dsdt: 8FFE1000, Facs: 8FF40000, XDsdt: 8FFE1000, XFacs: 0)
45:311  0:000        8FFE1000: 'DSDT', 'TP-R07', Rev: 2, Len: 69018 -> DSDT.aml
45:329  0:018        8FF40000: 'FACS', Ver: 2, Len: 64 -> FACS.aml
45:344  0:014    1. 8FF57000: 'UEFI', 'TP-R07', Rev: 1, Len: 66 -> UEFI.aml
45:362  0:018    2. 8FFF8000: 'SSDT', 'SaSsdt', Rev: 2, Len: 19863 -> SSDT-0-SaSsdt.aml
45:384  0:022    3. 8FFF7000: 'SSDT', 'PerfTune', Rev: 2, Len: 1477 -> SSDT-1-PerfTune.aml
45:401  0:017    4. 8FFF5000: 'ECDT', 'TP-R07', Rev: 1, Len: 82 -> ECDT.aml
45:415  0:014    5. 8FFF4000: 'HPET', 'TP-R07', Rev: 1, Len: 56 -> HPET.aml
45:431  0:015    6. 8FFF3000: 'APIC', 'TP-R07', Rev: 3, Len: 188 -> APIC.aml
45:444  0:013    7. 8FFF2000: 'MCFG', 'TP-R07', Rev: 1, Len: 60 -> MCFG.aml
45:463  0:018    8. 8FFDF000: 'SSDT', 'SataAhci', Rev: 1, Len: 6354 -> SSDT-2-SataAhci.aml
45:481  0:018    9. 8FFDE000: 'DBGP', 'TP-R07', Rev: 1, Len: 52 -> DBGP.aml
45:503  0:021    10. 8FFDD000: 'DBG2', 'TP-R07', Rev: 0, Len: 84 -> DBG2.aml
45:517  0:014    11. 8FFDC000: 'BOOT', 'TP-R07', Rev: 1, Len: 40 -> BOOT.aml
45:534  0:016    12. 8FFDB000: 'BATB', 'TP-R07', Rev: 2, Len: 74 -> BATB.aml
45:553  0:019    13. 8FFDA000: 'SLIC', 'TP-R07', Rev: 1, Len: 374 -> SLIC.aml
45:569  0:015    14. 8FFD9000: 'SSDT', 'Cpu0Ist', Rev: 2, Len: 1642 -> SSDT-3-Cpu0Ist.aml
45:584  0:015    15. 8FFD8000: 'SSDT', 'CpuSsdt', Rev: 2, Len: 3699 -> SSDT-4-CpuSsdt.aml (Found hidden SSDT 7 pcs)
45:602  0:018        * 8FE24718: 'SSDT', 'Cpu0Ist', Rev: 2, Len: 1642  53 53 44 54 6A 06 00 00 02 5A 50 6D 52 65 66 00 Internal length = 1642 -> SSDT-x4_0-Cpu0Ist.aml
45:618  0:015        * 8FE21618: 'SSDT', 'ApIst', Rev: 2, Len: 1450  53 53 44 54 AA 05 00 00 02 D0 50 6D 52 65 66 00 Internal length = 1450 -> SSDT-x4_1-ApIst.aml
45:632  0:014        * 8FE21C18: 'SSDT', 'Cpu0Cst', Rev: 2, Len: 975  53 53 44 54 CF 03 00 00 02 36 50 6D 52 65 66 00 Internal length = 975 -> SSDT-x4_2-Cpu0Cst.aml
45:648  0:016        * 8FE22C18: 'SSDT', 'ApCst', Rev: 2, Len: 281  53 53 44 54 19 01 00 00 02 EC 50 6D 52 65 66 00 Internal length = 281 -> SSDT-x4_3-ApCst.aml
45:662  0:013        * 8FE23F18: 'SSDT', 'Cpu0Hwp', Rev: 2, Len: 142  53 53 44 54 8E 00 00 00 02 2D 50 6D 52 65 66 00 Internal length = 142 -> SSDT-x4_4-Cpu0Hwp.aml
45:679  0:017        * 8FE22A98: 'SSDT', 'ApHwp', Rev: 2, Len: 281  53 53 44 54 19 01 00 00 02 FF 50 6D 52 65 66 00 Internal length = 281 -> SSDT-x4_5-ApHwp.aml
45:696  0:017        * 8FE22D98: 'SSDT', 'HwpLvt', Rev: 2, Len: 304  53 53 44 54 30 01 00 00 02 87 50 6D 52 65 66 00 Internal length = 304 -> SSDT-x4_6-HwpLvt.aml
45:712  0:015  
45:712  0:000    16. 8FFD7000: 'SSDT', 'CtdpB', Rev: 2, Len: 985 -> SSDT-5-CtdpB.aml
45:725  0:013    17. 8FFD6000: 'MSDM', 'TP-R07', Rev: 3, Len: 85 -> MSDM.aml
45:743  0:017    18. 8FFD4000: 'SSDT', 'NvOptTbl', Rev: 1, Len: 4101 -> SSDT-6-NvOptTbl.aml
45:759  0:015    19. 8FFD3000: 'SSDT', 'SgPch', Rev: 2, Len: 1842 -> SSDT-7-SgPch.aml
45:778  0:018    20. 8FFD2000: 'ASF!', 'TP-R07', Rev: 32, Len: 165 -> ASF!.aml
45:791  0:013    21. 8FFFD000: 'FPDT', 'TP-R07', Rev: 1, Len: 68 -> FPDT.aml
45:804  0:012    22. 8FFD0000: 'BGRT', 'TP-R07', Rev: 1, Len: 56 -> BGRT.aml
45:823  0:019    23. 8FF1D000: 'UEFI', 'TP-R07', Rev: 1, Len: 318 -> UEFI.aml
45:841  0:017    Tables in Rsdt: 24
45:841  0:000    0. 8FFF6000: 'FACP', 'TP-R07', Rev: 5, Len: 244 -> RSDT-FACP.aml
45:849  0:008        (Dsdt: 8FFE1000, Facs: 8FF40000, XDsdt: 8FFE1000, XFacs: 0)
45:849  0:000        8FFE1000: 'DSDT', 'TP-R07', Rev: 2, Len: 69018 -> RSDT-DSDT.aml
45:863  0:013        8FF40000: 'FACS', Ver: 2, Len: 64 -> RSDT-FACS.aml
45:873  0:010    1. 8FF57000: 'UEFI', 'TP-R07', Rev: 1, Len: 66 -> RSDT-UEFI.aml
45:884  0:010    2. 8FFF8000: 'SSDT', 'SaSsdt', Rev: 2, Len: 19863 -> RSDT-SSDT-8-SaSsdt.aml
45:893  0:009    3. 8FFF7000: 'SSDT', 'PerfTune', Rev: 2, Len: 1477 -> RSDT-SSDT-9-PerfTune.aml
45:904  0:010    4. 8FFF5000: 'ECDT', 'TP-R07', Rev: 1, Len: 82 -> RSDT-ECDT.aml
45:912  0:008    5. 8FFF4000: 'HPET', 'TP-R07', Rev: 1, Len: 56 -> RSDT-HPET.aml
45:921  0:008    6. 8FFF3000: 'APIC', 'TP-R07', Rev: 3, Len: 188 -> RSDT-APIC.aml
45:929  0:008    7. 8FFF2000: 'MCFG', 'TP-R07', Rev: 1, Len: 60 -> RSDT-MCFG.aml
45:941  0:011    8. 8FFDF000: 'SSDT', 'SataAhci', Rev: 1, Len: 6354 -> RSDT-SSDT-10-SataAhci.aml
45:950  0:008    9. 8FFDE000: 'DBGP', 'TP-R07', Rev: 1, Len: 52 -> RSDT-DBGP.aml
45:961  0:011    10. 8FFDD000: 'DBG2', 'TP-R07', Rev: 0, Len: 84 -> RSDT-DBG2.aml
45:970  0:008    11. 8FFDC000: 'BOOT', 'TP-R07', Rev: 1, Len: 40 -> RSDT-BOOT.aml
45:981  0:011    12. 8FFDB000: 'BATB', 'TP-R07', Rev: 2, Len: 74 -> RSDT-BATB.aml
45:990  0:008    13. 8FFDA000: 'SLIC', 'TP-R07', Rev: 1, Len: 374 -> RSDT-SLIC.aml
46:001  0:011    14. 8FFD9000: 'SSDT', 'Cpu0Ist', Rev: 2, Len: 1642 -> RSDT-SSDT-11-Cpu0Ist.aml
46:010  0:008    15. 8FFD8000: 'SSDT', 'CpuSsdt', Rev: 2, Len: 3699 -> RSDT-SSDT-12-CpuSsdt.aml (Found hidden SSDT 7 pcs)
46:021  0:011        * 8FE24718: 'SSDT', 'Cpu0Ist', Rev: 2, Len: 1642  53 53 44 54 6A 06 00 00 02 5A 50 6D 52 65 66 00 Internal length = 1642 -> RSDT-SSDT-x12_0-Cpu0Ist.aml
46:033  0:011        * 8FE21618: 'SSDT', 'ApIst', Rev: 2, Len: 1450  53 53 44 54 AA 05 00 00 02 D0 50 6D 52 65 66 00 Internal length = 1450 -> RSDT-SSDT-x12_1-ApIst.aml
46:044  0:010        * 8FE21C18: 'SSDT', 'Cpu0Cst', Rev: 2, Len: 975  53 53 44 54 CF 03 00 00 02 36 50 6D 52 65 66 00 Internal length = 975 -> RSDT-SSDT-x12_2-Cpu0Cst.aml
46:053  0:009        * 8FE22C18: 'SSDT', 'ApCst', Rev: 2, Len: 281  53 53 44 54 19 01 00 00 02 EC 50 6D 52 65 66 00 Internal length = 281 -> RSDT-SSDT-x12_3-ApCst.aml
46:062  0:008        * 8FE23F18: 'SSDT', 'Cpu0Hwp', Rev: 2, Len: 142  53 53 44 54 8E 00 00 00 02 2D 50 6D 52 65 66 00 
46:062  0:000        * 8FE22A98: 'SSDT', 'ApHwp', Rev: 2, Len: 281  53 53 44 54 19 01 00 00 02 FF 50 6D 52 65 66 00 
46:062  0:000        * 8FE22D98: 'SSDT', 'HwpLvt', Rev: 2, Len: 304  53 53 44 54 30 01 00 00 02 87 50 6D 52 65 66 00 
46:062  0:000  
46:062  0:000    16. 8FFD7000: 'SSDT', 'CtdpB', Rev: 2, Len: 985
46:062  0:000    17. 8FFD6000: 'MSDM', 'TP-R07', Rev: 3, Len: 85
46:062  0:000    18. 8FFD4000: 'SSDT', 'NvOptTbl', Rev: 1, Len: 4101
46:062  0:000    19. 8FFD3000: 'SSDT', 'SgPch', Rev: 2, Len: 1842
46:062  0:000    20. 8FFD2000: 'ASF!', 'TP-R07', Rev: 32, Len: 165
46:062  0:000    21. 8FFFD000: 'FPDT', 'TP-R07', Rev: 1, Len: 68
46:062  0:000    22. 8FFD0000: 'BGRT', 'TP-R07', Rev: 1, Len: 56
46:062  0:000    23. 8FF1D000: 'UEFI', 'TP-R07', Rev: 1, Len: 318
46:062  0:000  Found UEFI Acpi 1.0 RSDP at 8FFFE000
46:062  0:000  Printing ACPI tables from RSDP 8FFFE000 ...
46:062  0:000   8FFFE000: 'RSD PTR ', Rev: 0 (Acpi 1.0), Len: 20
46:062  0:000    (Rsdt: 8FFD1000)
46:062  0:000    8FFD1000: 'RSDT', 'TP-R07', Rev: 1, Len: 128
46:062  0:000    Tables in Rsdt: 23
46:062  0:000    0. 8FFF6000: 'FACP', 'TP-R07', Rev: 5, Len: 244
46:062  0:000        (Dsdt: 8FFE1000, Facs: 8FF40000, XDsdt: 8FFE1000, XFacs: 0)
46:062  0:000        8FFE1000: 'DSDT', 'TP-R07', Rev: 2, Len: 69018
46:063  0:001        8FF40000: 'FACS', Ver: 2, Len: 64
46:063  0:000    1. 8FF57000: 'UEFI', 'TP-R07', Rev: 1, Len: 66
46:063  0:000    2. 8FFF8000: 'SSDT', 'SaSsdt', Rev: 2, Len: 19863
46:063  0:000    3. 8FFF7000: 'SSDT', 'PerfTune', Rev: 2, Len: 1477
46:063  0:000    4. 8FFF5000: 'ECDT', 'TP-R07', Rev: 1, Len: 82
46:063  0:000    5. 8FFF4000: 'HPET', 'TP-R07', Rev: 1, Len: 56
46:063  0:000    6. 8FFF3000: 'APIC', 'TP-R07', Rev: 3, Len: 188
46:063  0:000    7. 8FFF2000: 'MCFG', 'TP-R07', Rev: 1, Len: 60
46:063  0:000    8. 8FFDF000: 'SSDT', 'SataAhci', Rev: 1, Len: 6354
46:063  0:000    9. 8FFDE000: 'DBGP', 'TP-R07', Rev: 1, Len: 52
46:063  0:000    10. 8FFDD000: 'DBG2', 'TP-R07', Rev: 0, Len: 84
46:063  0:000    11. 8FFDC000: 'BOOT', 'TP-R07', Rev: 1, Len: 40
46:063  0:000    12. 8FFDB000: 'BATB', 'TP-R07', Rev: 2, Len: 74
46:063  0:000    13. 8FFD9000: 'SSDT', 'Cpu0Ist', Rev: 2, Len: 1642
46:063  0:000    14. 8FFD8000: 'SSDT', 'CpuSsdt', Rev: 2, Len: 3699
46:063  0:000    15. 8FFD7000: 'SSDT', 'CtdpB', Rev: 2, Len: 985
46:063  0:000    16. 8FFD6000: 'MSDM', 'TP-R07', Rev: 3, Len: 85
46:063  0:000    17. 8FFD4000: 'SSDT', 'NvOptTbl', Rev: 1, Len: 4101
46:063  0:000    18. 8FFD3000: 'SSDT', 'SgPch', Rev: 2, Len: 1842
46:063  0:000    19. 8FFD2000: 'ASF!', 'TP-R07', Rev: 32, Len: 165
46:063  0:000    20. 8FFFD000: 'FPDT', 'TP-R07', Rev: 1, Len: 68
46:063  0:000    21. 8FFD0000: 'BGRT', 'TP-R07', Rev: 1, Len: 56
46:063  0:000    22. 8FF1D000: 'UEFI', 'TP-R07', Rev: 1, Len: 318
46:076  0:012  DSDT found in Clover volume OEM folder: EFI\CLOVER\ACPI\patched\DSDT.aml
46:076  0:000  === [ FixBiosDsdt ] =======================================
46:076  0:000  VideoCard devID=0x191B8086
46:076  0:000  DisplayADR1[0] = 0x20000, DisplayADR2[0] = 0xFFFE
46:076  0:000  USBADR[0] = 0x140000 and PCIe = 0xFFFE
46:077  0:000  Found Airport BCM at 0x1C0000, 0x0
46:077  0:000  Patching DSDT:
46:077  0:000   - [change XHCI to XHC]: pattern 58484349, bin not found / already patched!
46:077  0:000   - [change PCI0.VID to IGPU #1 (Thinkpad), optionally pair with SSDT-IGPU.aml]: pattern 50434930, bin not found / already patched!
46:077  0:000   - [change PCI0.VID to IGPU #2 (Thinkpad), optionally pair with SSDT-IGPU.aml]: pattern 5649445F, bin not found / already patched!
46:077  0:000   - [change EC0 to EC]: disabled
46:077  0:000   - [change _DSM to XDSM]: pattern 5F44534D, patched at: [ (5EC4) (C8) (1C0) (349) (349) (349) (349) (349) (337) (1E5) (CBE) (B) (33) (4291) (156B) ]
46:077  0:000   - [change _OSI to XOSI, pair with SSDT-XOSI.aml]: pattern 5F4F5349, patched at: [ (1B04) (3) (2A) (22) (23) (1E) (1E) (1E) (1E) (1E) (17) ]
46:077  0:000   - [change EHC1 to EH01, optionally pair with SSDT-EH01.aml]: pattern 45484331, bin not found / already patched!
46:077  0:000   - [change EHC2 to EH02, optionally pair with SSDT-EH02.aml]: pattern 45484332, bin not found / already patched!
46:077  0:000   - [change GFX0 to IGPU, optionally pair with SSDT-IGPU.aml]: pattern 47465830, patched at: [ (97) (12) (12) (12) (12) (12) (12) (1BE5) (28F2) (85) (C23) (CAD) (2E01) (16) (557E) (B2) (777) (F) ]
46:077  0:000   - [change HDAS to HDEF, optionally pair with SSDT-HDEF.aml]: pattern 48444153, patched at: [ (83C5) ]
46:077  0:000   - [change HECI to IMEI, optionally pair with SSDT-IMEI.aml]: pattern 48454349, patched at: [ (83E4) ]
46:077  0:000   - [change MEI to IMEI, optionally pair with SSDT-IMEI.aml]: pattern 4D45495F, bin not found / already patched!
46:077  0:000   - [change SAT0 to SATA, optionally pair with SSDT-SATA.aml]: pattern 53415430, bin not found / already patched!
46:077  0:000   - [change LPC to LPCB, optionally pair with SSDT-EHCI_Disable.aml, SSDT-LPC.aml]: disabled
46:077  0:000   - [change Method(XWAK,0,N) to ZWAK, pair with SSDT-XWAK.aml]: pattern 5857414B, bin not found / already patched!
46:077  0:000   - [change Method(XWAK,0,S) to ZWAK, pair with SSDT-XWAK.aml]: pattern 5857414B, bin not found / already patched!
46:078  0:000   - [change Method(XSEL,0,N) to XSEZ, pair with SSDT-XSEL.aml]: pattern 5853454C, bin not found / already patched!
46:078  0:000   - [change Method(XSEL,0,S) to XSEZ, pair with SSDT-XSEL.aml]: pattern 5853454C, bin not found / already patched!
46:078  0:000   - [change Method(ESEL,0,N) to ESEZ, pair with SSDT-ESEL.aml]: pattern 4553454C, bin not found / already patched!
46:078  0:000   - [change Method(ESEL,0,S) to ESEZ, pair with SSDT-ESEL.aml]: pattern 4553454C, bin not found / already patched!
46:078  0:000   - [change Method(GPRW,2,N) to XPRW, pair with SSDT-GPRW.aml]: pattern 47505257, bin not found / already patched!
46:078  0:000   - [change Method(UPRW,2,N) to XPRW, pair with SSDT-UPRW.aml]: pattern 55505257, bin not found / already patched!
46:078  0:000   - [change LANC Method(_PRW,0,S) to Method(XPRW,0,..), pair with SSDT-LANC_PRW.aml]: pattern 00001900, bin not found / already patched!
46:078  0:000   - [change Method(_PTS,1,N) to ZPTS, pair with SSDT-PTSWAK.aml]: disabled
46:078  0:000   - [change Method(_PTS,1,S) to ZPTS, pair with SSDT-PTSWAK.aml]: disabled
46:078  0:000   - [change Method(_WAK,1,N) to ZWAK, pair with SSDT-PTSWAK.aml]: disabled
46:078  0:000   - [change Method(_WAK,1,S) to ZWAK, pair with SSDT-PTSWAK.aml]: disabled
46:078  0:000    0 replacements
46:078  0:000  first CPU found at 2C8 offset 2CB
46:078  0:000  score candidate at 2C4
46:078  0:000  score inserted in acpi_cpu_score _PR_
46:078  0:000  Found ACPI CPU: CPU0 | CPU1 | CPU2 | CPU3 | CPU4 | CPU5 | CPU6 | CPU7 , within the score: _PR_
46:078  0:000  Start PIC Fix
46:078  0:000  PIC size=33 at 383C
46:078  0:000  found PIC had IRQNoFlag will move -3 bytes
46:078  0:000  Fix Device PIC size -3
46:078  0:000  Start HPET Fix
46:079  0:000  Start Mutex Fix
46:098  0:019  DSDT saved to EFI\CLOVER\ACPI\origin\DSDT-40000050.aml
47:798  1:699  BootVariable of the entry is empty
47:798  0:000  === [ StartLoader ] =======================================
47:798  0:000  Finally: ExternalClock=26MHz BusSpeed=100437kHz CPUFreq=2712MHz PIS: hw.busfrequency=104000000Hz
47:798  0:000  Loading boot.efi  status=Success
47:868  0:070  GetOSVersion: 10.13.6 (17G2112)
47:868  0:000  CSR_CFG: CSR_ALLOW_UNTRUSTED_KEXTS | CSR_ALLOW_UNRESTRICTED_FS | CSR_ALLOW_TASK_FOR_PID | CSR_ALLOW_UNRESTRICTED_DTRACE | CSR_ALLOW_UNRESTRICTED_NVRAM
47:868  0:000  Filtering KextPatches:
47:868  0:000   - [00]: IOBluetoothFamily (10.11+-BT4LE-Handoff-Hotspot-lisai9093) :: BinPatch :: [OS: 10.13.6 | MatchOS: All | MatchBuild: All] ==> allowed
47:868  0:000   - [01]: com.apple.iokit.IONVMeFamily (IONVMeFamily Preferred Block Size 0x10 -> 0x01, credit RehabMan based on 10.12 patch (c) Pike R. Alpha ) :: BinPatch :: [OS: 10.13.6 | MatchOS: 10.13.x | MatchBuild: All] ==> disabled by user
47:868  0:000   - [02]: IOAHCIBlockStorage (Enable TRIM for SSD) :: BinPatch :: [OS: 10.13.6 | MatchOS: All | MatchBuild: All] ==> allowed
47:868  0:000   - [03]: com.apple.driver.AppleIntelSKLGraphicsFramebuffer (Disable minStolenSize less or equal fStolenMemorySize assertion, 10.13.2/3 (credit PMHeart, , shdkpr2008)) :: BinPatch :: [OS: 10.13.6 | MatchOS: 10.13.2,10.13.3,10.13.4 | MatchBuild: All] ==> not allowed
47:868  0:000   - [04]: com.apple.driver.AppleIntelSKLGraphicsFramebuffer (0x191B0000 All Patch by FB-Patcher (credit headkaze)) :: BinPatch :: [OS: 10.13.6 | MatchOS: All | MatchBuild: All] ==> allowed
47:868  0:000   - [05]: com.apple.driver.AppleIntelSKLGraphicsFramebuffer (0x191B0000 Connector Patch by FB-Patcher (credit headkaze)) :: BinPatch :: [OS: 10.13.6 | MatchOS: All | MatchBuild: All] ==> allowed
47:868  0:000   - [06]: com.apple.driver.AppleIntelSKLGraphicsFramebuffer (Disable minStolenSize less or equal fStolenMemorySize assertion, 10.12.0 ( (based on Austere.J patch)) :: BinPatch :: [OS: 10.13.6 | MatchOS: 10.12.x | MatchBuild: All] ==> not allowed
47:868  0:000   - [07]: com.apple.driver.AppleIntelKBLGraphicsFramebuffer (0x591b0000, 32MB BIOS, 19MB framebuffer 9MB cursor bytes (credit RehabMan)) :: BinPatch :: [OS: 10.13.6 | MatchOS: All | MatchBuild: All] ==> allowed
47:868  0:000   - [08]: com.apple.driver.AppleIntelKBLGraphicsFramebuffer (0x591b0000, 0105 instead of 0306, HDMI) :: BinPatch :: [OS: 10.13.6 | MatchOS: All | MatchBuild: All] ==> allowed
47:868  0:000  Filtering KernelPatches:
47:868  0:000   - [00]: MSR 0xE2 _xcpm_idle instant reboot(c) Pike R. Alpha :: [OS: 10.13.6 | MatchOS: All | MatchBuild: no] ==> disabled by user
47:868  0:000   - [01]: Disable panic kext logging on 10.13 Debug kernel :: [OS: 10.13.6 | MatchOS: 10.13 | MatchBuild: no] ==> allowed by OS
47:868  0:000   - [02]: Disable panic kext logging on 10.13 Release kernel :: [OS: 10.13.6 | MatchOS: 10.13 | MatchBuild: no] ==> allowed by OS
47:868  0:000  Will not patch boot.efi
47:868  0:000  === [ PatchSmbios ] =======================================
47:868  0:000  insert table 9 for dev 1F:6
47:868  0:000  insert table 9 for dev 0:0
47:869  0:000  Trusting SMBIOS...
47:869  0:000  Detected alternating SMBIOS channel banks
47:869  0:000  Channels: 2
47:869  0:000  Interleave: 0 2 1 3 4 6 5 7 8 10 9 11 12 14 13 15 16 18 17 19 20 22 21 23
47:869  0:000   partNum=HMA41GS6AFR8N-TF    
47:869  0:000  SMBIOS Type 17 Index = 0 => 0 0:
47:869  0:000  BANK 0 DIMM0 2134MHz 8192MB
47:869  0:000   partNum=M471A1K43CB1-CRC    
47:869  0:000  SMBIOS Type 17 Index = 1 => 1 2:
47:869  0:000  BANK 1 DIMM0 2400MHz 8192MB
47:869  0:000  mTotalSystemMemory = 16384
47:869  0:000  NumberOfMemoryDevices = 2
47:869  0:000  Table 131 is present, CPUType=14
47:869  0:000  Change to: 705
47:869  0:000  Table 133 is present, PlatformFeature=4F484B01
47:869  0:000  Change to: 1A
47:869  0:000  === [ PatchACPI ] =========================================
47:869  0:000  Xsdt reallocation done
47:869  0:000  old FADT length=F4
47:869  0:000   SignatureFixup: 0x28EE -> 0x0
47:869  0:000  DSDT found in Clover volume OEM folder: EFI\CLOVER\ACPI\patched\DSDT.aml
47:869  0:000  Apply DsdtFixMask=0x40000050
47:869  0:000     drop _DSM mask=0x0000
47:869  0:000  === [ FixBiosDsdt ] =======================================
47:869  0:000  VideoCard devID=0x191B8086
47:869  0:000  DisplayADR1[0] = 0x20000, DisplayADR2[0] = 0xFFFE
47:869  0:000  USBADR[0] = 0x140000 and PCIe = 0xFFFE
47:869  0:000  Found Airport BCM at 0x1C0000, 0x0
47:869  0:000  Patching DSDT:
47:869  0:000   - [change XHCI to XHC]: pattern 58484349, bin not found / already patched!
47:869  0:000   - [change PCI0.VID to IGPU #1 (Thinkpad), optionally pair with SSDT-IGPU.aml]: pattern 50434930, bin not found / already patched!
47:870  0:000   - [change PCI0.VID to IGPU #2 (Thinkpad), optionally pair with SSDT-IGPU.aml]: pattern 5649445F, bin not found / already patched!
47:870  0:000   - [change EC0 to EC]: disabled
47:870  0:000   - [change _DSM to XDSM]: pattern 5F44534D, patched at: [ (5EC4) (C8) (1C0) (349) (349) (349) (349) (349) (337) (1E5) (CBE) (B) (33) (4291) (156B) ]
47:870  0:000   - [change _OSI to XOSI, pair with SSDT-XOSI.aml]: pattern 5F4F5349, patched at: [ (1B04) (3) (2A) (22) (23) (1E) (1E) (1E) (1E) (1E) (17) ]
47:870  0:000   - [change EHC1 to EH01, optionally pair with SSDT-EH01.aml]: pattern 45484331, bin not found / already patched!
47:870  0:000   - [change EHC2 to EH02, optionally pair with SSDT-EH02.aml]: pattern 45484332, bin not found / already patched!
47:870  0:000   - [change GFX0 to IGPU, optionally pair with SSDT-IGPU.aml]: pattern 47465830, patched at: [ (97) (12) (12) (12) (12) (12) (12) (1BE5) (28F2) (85) (C23) (CAD) (2E01) (16) (557E) (B2) (777) (F) ]
47:870  0:000   - [change HDAS to HDEF, optionally pair with SSDT-HDEF.aml]: pattern 48444153, patched at: [ (83C5) ]
47:870  0:000   - [change HECI to IMEI, optionally pair with SSDT-IMEI.aml]: pattern 48454349, patched at: [ (83E4) ]
47:870  0:000   - [change MEI to IMEI, optionally pair with SSDT-IMEI.aml]: pattern 4D45495F, bin not found / already patched!
47:870  0:000   - [change SAT0 to SATA, optionally pair with SSDT-SATA.aml]: pattern 53415430, bin not found / already patched!
47:870  0:000   - [change LPC to LPCB, optionally pair with SSDT-EHCI_Disable.aml, SSDT-LPC.aml]: disabled
47:870  0:000   - [change Method(XWAK,0,N) to ZWAK, pair with SSDT-XWAK.aml]: pattern 5857414B, bin not found / already patched!
47:870  0:000   - [change Method(XWAK,0,S) to ZWAK, pair with SSDT-XWAK.aml]: pattern 5857414B, bin not found / already patched!
47:870  0:000   - [change Method(XSEL,0,N) to XSEZ, pair with SSDT-XSEL.aml]: pattern 5853454C, bin not found / already patched!
47:870  0:000   - [change Method(XSEL,0,S) to XSEZ, pair with SSDT-XSEL.aml]: pattern 5853454C, bin not found / already patched!
47:870  0:000   - [change Method(ESEL,0,N) to ESEZ, pair with SSDT-ESEL.aml]: pattern 4553454C, bin not found / already patched!
47:870  0:000   - [change Method(ESEL,0,S) to ESEZ, pair with SSDT-ESEL.aml]: pattern 4553454C, bin not found / already patched!
47:870  0:000   - [change Method(GPRW,2,N) to XPRW, pair with SSDT-GPRW.aml]: pattern 47505257, bin not found / already patched!
47:871  0:000   - [change Method(UPRW,2,N) to XPRW, pair with SSDT-UPRW.aml]: pattern 55505257, bin not found / already patched!
47:871  0:000   - [change LANC Method(_PRW,0,S) to Method(XPRW,0,..), pair with SSDT-LANC_PRW.aml]: pattern 00001900, bin not found / already patched!
47:871  0:000   - [change Method(_PTS,1,N) to ZPTS, pair with SSDT-PTSWAK.aml]: disabled
47:871  0:000   - [change Method(_PTS,1,S) to ZPTS, pair with SSDT-PTSWAK.aml]: disabled
47:871  0:000   - [change Method(_WAK,1,N) to ZWAK, pair with SSDT-PTSWAK.aml]: disabled
47:871  0:000   - [change Method(_WAK,1,S) to ZWAK, pair with SSDT-PTSWAK.aml]: disabled
47:871  0:000    0 replacements
47:871  0:000  first CPU found at 2C8 offset 2CB
47:871  0:000  score candidate at 2C4
47:871  0:000  score inserted in acpi_cpu_score _PR_
47:871  0:000  Found ACPI CPU: CPU0 | CPU1 | CPU2 | CPU3 | CPU4 | CPU5 | CPU6 | CPU7 , within the score: _PR_
47:871  0:000  Start PIC Fix
47:871  0:000  PIC size=33 at 383C
47:871  0:000  found PIC had IRQNoFlag will move -3 bytes
47:871  0:000  Fix Device PIC size -3
47:871  0:000  Start HPET Fix
47:871  0:000  Start Mutex Fix
47:871  0:000  PreCleanup XSDT: count=24, length=228
47:871  0:000  PreCleanup XSDT, corrected XSDT: count=24, length=228
47:871  0:000  === [ ACPIDropTables ] ====================================
47:871  0:000  0. [change XHCI to XHC]: pattern 58484349, bin not found / already patched!
47:871  0:000  1. [change PCI0.VID to IGPU #1 (Thinkpad), optionally pair with SSDT-IGPU.aml]: pattern 50434930, bin not found / already patched!
47:871  0:000  2. [change PCI0.VID to IGPU #2 (Thinkpad), optionally pair with SSDT-IGPU.aml]: pattern 5649445F, bin not found / already patched!
47:871  0:000  3. [change EC0 to EC]: disabled
47:871  0:000  4. [change _DSM to XDSM]: pattern 5F44534D, patched at: [ (388) (2FA) (2FA) (2B51) ]
47:871  0:000  5. [change _OSI to XOSI, pair with SSDT-XOSI.aml]: pattern 5F4F5349, bin not found / already patched!
47:872  0:000  6. [change EHC1 to EH01, optionally pair with SSDT-EH01.aml]: pattern 45484331, bin not found / already patched!
47:872  0:000  7. [change EHC2 to EH02, optionally pair with SSDT-EH02.aml]: pattern 45484332, bin not found / already patched!
47:872  0:000  8. [change GFX0 to IGPU, optionally pair with SSDT-IGPU.aml]: pattern 47465830, patched at: [ (AD1) (1CD6) (AF8) (1D) (6C4) ]
47:872  0:000  9. [change HDAS to HDEF, optionally pair with SSDT-HDEF.aml]: pattern 48444153, bin not found / already patched!
47:872  0:000  10. [change HECI to IMEI, optionally pair with SSDT-IMEI.aml]: pattern 48454349, bin not found / already patched!
47:872  0:000  11. [change MEI to IMEI, optionally pair with SSDT-IMEI.aml]: pattern 4D45495F, bin not found / already patched!
47:872  0:000  12. [change SAT0 to SATA, optionally pair with SSDT-SATA.aml]: pattern 53415430, bin not found / already patched!
47:872  0:000  13. [change LPC to LPCB, optionally pair with SSDT-EHCI_Disable.aml, SSDT-LPC.aml]: disabled
47:872  0:000  14. [change Method(XWAK,0,N) to ZWAK, pair with SSDT-XWAK.aml]: pattern 5857414B, bin not found / already patched!
47:872  0:000  15. [change Method(XWAK,0,S) to ZWAK, pair with SSDT-XWAK.aml]: pattern 5857414B, bin not found / already patched!
47:872  0:000  16. [change Method(XSEL,0,N) to XSEZ, pair with SSDT-XSEL.aml]: pattern 5853454C, bin not found / already patched!
47:872  0:000  17. [change Method(XSEL,0,S) to XSEZ, pair with SSDT-XSEL.aml]: pattern 5853454C, bin not found / already patched!
47:872  0:000  18. [change Method(ESEL,0,N) to ESEZ, pair with SSDT-ESEL.aml]: pattern 4553454C, bin not found / already patched!
47:872  0:000  19. [change Method(ESEL,0,S) to ESEZ, pair with SSDT-ESEL.aml]: pattern 4553454C, bin not found / already patched!
47:872  0:000  20. [change Method(GPRW,2,N) to XPRW, pair with SSDT-GPRW.aml]: pattern 47505257, bin not found / already patched!
47:872  0:000  21. [change Method(UPRW,2,N) to XPRW, pair with SSDT-UPRW.aml]: pattern 55505257, bin not found / already patched!
47:872  0:000  22. [change LANC Method(_PRW,0,S) to Method(XPRW,0,..), pair with SSDT-LANC_PRW.aml]: pattern 00001900, bin not found / already patched!
47:872  0:000  23. [change Method(_PTS,1,N) to ZPTS, pair with SSDT-PTSWAK.aml]: disabled
47:872  0:000  24. [change Method(_PTS,1,S) to ZPTS, pair with SSDT-PTSWAK.aml]: disabled
47:872  0:000  25. [change Method(_WAK,1,N) to ZWAK, pair with SSDT-PTSWAK.aml]: disabled
47:872  0:000  26. [change Method(_WAK,1,S) to ZWAK, pair with SSDT-PTSWAK.aml]: disabled
47:872  0:000    0 replacements
47:872  0:000  Found OperationRegion(SANV, SystemMemory, 8FF55D98, ...)
47:872  0:000  0. [change XHCI to XHC]: pattern 58484349, bin not found / already patched!
47:872  0:000  1. [change PCI0.VID to IGPU #1 (Thinkpad), optionally pair with SSDT-IGPU.aml]: pattern 50434930, bin not found / already patched!
47:872  0:000  2. [change PCI0.VID to IGPU #2 (Thinkpad), optionally pair with SSDT-IGPU.aml]: pattern 5649445F, bin not found / already patched!
47:872  0:000  3. [change EC0 to EC]: disabled
47:872  0:000  4. [change _DSM to XDSM]: pattern 5F44534D, bin not found / already patched!
47:872  0:000  5. [change _OSI to XOSI, pair with SSDT-XOSI.aml]: pattern 5F4F5349, bin not found / already patched!
47:872  0:000  6. [change EHC1 to EH01, optionally pair with SSDT-EH01.aml]: pattern 45484331, bin not found / already patched!
47:872  0:000  7. [change EHC2 to EH02, optionally pair with SSDT-EH02.aml]: pattern 45484332, bin not found / already patched!
47:872  0:000  8. [change GFX0 to IGPU, optionally pair with SSDT-IGPU.aml]: pattern 47465830, bin not found / already patched!
47:872  0:000  9. [change HDAS to HDEF, optionally pair with SSDT-HDEF.aml]: pattern 48444153, bin not found / already patched!
47:872  0:000  10. [change HECI to IMEI, optionally pair with SSDT-IMEI.aml]: pattern 48454349, bin not found / already patched!
47:872  0:000  11. [change MEI to IMEI, optionally pair with SSDT-IMEI.aml]: pattern 4D45495F, bin not found / already patched!
47:872  0:000  12. [change SAT0 to SATA, optionally pair with SSDT-SATA.aml]: pattern 53415430, bin not found / already patched!
47:872  0:000  13. [change LPC to LPCB, optionally pair with SSDT-EHCI_Disable.aml, SSDT-LPC.aml]: disabled
47:872  0:000  14. [change Method(XWAK,0,N) to ZWAK, pair with SSDT-XWAK.aml]: pattern 5857414B, bin not found / already patched!
47:872  0:000  15. [change Method(XWAK,0,S) to ZWAK, pair with SSDT-XWAK.aml]: pattern 5857414B, bin not found / already patched!
47:872  0:000  16. [change Method(XSEL,0,N) to XSEZ, pair with SSDT-XSEL.aml]: pattern 5853454C, bin not found / already patched!
47:872  0:000  17. [change Method(XSEL,0,S) to XSEZ, pair with SSDT-XSEL.aml]: pattern 5853454C, bin not found / already patched!
47:872  0:000  18. [change Method(ESEL,0,N) to ESEZ, pair with SSDT-ESEL.aml]: pattern 4553454C, bin not found / already patched!
47:872  0:000  19. [change Method(ESEL,0,S) to ESEZ, pair with SSDT-ESEL.aml]: pattern 4553454C, bin not found / already patched!
47:872  0:000  20. [change Method(GPRW,2,N) to XPRW, pair with SSDT-GPRW.aml]: pattern 47505257, bin not found / already patched!
47:872  0:000  21. [change Method(UPRW,2,N) to XPRW, pair with SSDT-UPRW.aml]: pattern 55505257, bin not found / already patched!
47:872  0:000  22. [change LANC Method(_PRW,0,S) to Method(XPRW,0,..), pair with SSDT-LANC_PRW.aml]: pattern 00001900, bin not found / already patched!
47:872  0:000  23. [change Method(_PTS,1,N) to ZPTS, pair with SSDT-PTSWAK.aml]: disabled
47:872  0:000  24. [change Method(_PTS,1,S) to ZPTS, pair with SSDT-PTSWAK.aml]: disabled
47:872  0:000  25. [change Method(_WAK,1,N) to ZWAK, pair with SSDT-PTSWAK.aml]: disabled
47:872  0:000  26. [change Method(_WAK,1,S) to ZWAK, pair with SSDT-PTSWAK.aml]: disabled
47:872  0:000    0 replacements
47:872  0:000  0. [change XHCI to XHC]: pattern 58484349, bin not found / already patched!
47:872  0:000  1. [change PCI0.VID to IGPU #1 (Thinkpad), optionally pair with SSDT-IGPU.aml]: pattern 50434930, bin not found / already patched!
47:872  0:000  2. [change PCI0.VID to IGPU #2 (Thinkpad), optionally pair with SSDT-IGPU.aml]: pattern 5649445F, bin not found / already patched!
47:872  0:000  3. [change EC0 to EC]: disabled
47:872  0:000  4. [change _DSM to XDSM]: pattern 5F44534D, patched at: [ (178) ]
47:872  0:000  5. [change _OSI to XOSI, pair with SSDT-XOSI.aml]: pattern 5F4F5349, bin not found / already patched!
47:872  0:000  6. [change EHC1 to EH01, optionally pair with SSDT-EH01.aml]: pattern 45484331, bin not found / already patched!
47:872  0:000  7. [change EHC2 to EH02, optionally pair with SSDT-EH02.aml]: pattern 45484332, bin not found / already patched!
47:872  0:000  8. [change GFX0 to IGPU, optionally pair with SSDT-IGPU.aml]: pattern 47465830, bin not found / already patched!
47:872  0:000  9. [change HDAS to HDEF, optionally pair with SSDT-HDEF.aml]: pattern 48444153, bin not found / already patched!
47:872  0:000  10. [change HECI to IMEI, optionally pair with SSDT-IMEI.aml]: pattern 48454349, bin not found / already patched!
47:872  0:000  11. [change MEI to IMEI, optionally pair with SSDT-IMEI.aml]: pattern 4D45495F, bin not found / already patched!
47:872  0:000  12. [change SAT0 to SATA, optionally pair with SSDT-SATA.aml]: pattern 53415430, bin not found / already patched!
47:872  0:000  13. [change LPC to LPCB, optionally pair with SSDT-EHCI_Disable.aml, SSDT-LPC.aml]: disabled
47:872  0:000  14. [change Method(XWAK,0,N) to ZWAK, pair with SSDT-XWAK.aml]: pattern 5857414B, bin not found / already patched!
47:872  0:000  15. [change Method(XWAK,0,S) to ZWAK, pair with SSDT-XWAK.aml]: pattern 5857414B, bin not found / already patched!
47:872  0:000  16. [change Method(XSEL,0,N) to XSEZ, pair with SSDT-XSEL.aml]: pattern 5853454C, bin not found / already patched!
47:872  0:000  17. [change Method(XSEL,0,S) to XSEZ, pair with SSDT-XSEL.aml]: pattern 5853454C, bin not found / already patched!
47:872  0:000  18. [change Method(ESEL,0,N) to ESEZ, pair with SSDT-ESEL.aml]: pattern 4553454C, bin not found / already patched!
47:872  0:000  19. [change Method(ESEL,0,S) to ESEZ, pair with SSDT-ESEL.aml]: pattern 4553454C, bin not found / already patched!
47:872  0:000  20. [change Method(GPRW,2,N) to XPRW, pair with SSDT-GPRW.aml]: pattern 47505257, bin not found / already patched!
47:872  0:000  21. [change Method(UPRW,2,N) to XPRW, pair with SSDT-UPRW.aml]: pattern 55505257, bin not found / already patched!
47:872  0:000  22. [change LANC Method(_PRW,0,S) to Method(XPRW,0,..), pair with SSDT-LANC_PRW.aml]: pattern 00001900, bin not found / already patched!
47:872  0:000  23. [change Method(_PTS,1,N) to ZPTS, pair with SSDT-PTSWAK.aml]: disabled
47:872  0:000  24. [change Method(_PTS,1,S) to ZPTS, pair with SSDT-PTSWAK.aml]: disabled
47:872  0:000  25. [change Method(_WAK,1,N) to ZWAK, pair with SSDT-PTSWAK.aml]: disabled
47:872  0:000  26. [change Method(_WAK,1,S) to ZWAK, pair with SSDT-PTSWAK.aml]: disabled
47:872  0:000    0 replacements
47:872  0:000  0. [change XHCI to XHC]: pattern 58484349, bin not found / already patched!
47:872  0:000  1. [change PCI0.VID to IGPU #1 (Thinkpad), optionally pair with SSDT-IGPU.aml]: pattern 50434930, bin not found / already patched!
47:872  0:000  2. [change PCI0.VID to IGPU #2 (Thinkpad), optionally pair with SSDT-IGPU.aml]: pattern 5649445F, bin not found / already patched!
47:872  0:000  3. [change EC0 to EC]: disabled
47:872  0:000  4. [change _DSM to XDSM]: pattern 5F44534D, bin not found / already patched!
47:872  0:000  5. [change _OSI to XOSI, pair with SSDT-XOSI.aml]: pattern 5F4F5349, bin not found / already patched!
47:872  0:000  6. [change EHC1 to EH01, optionally pair with SSDT-EH01.aml]: pattern 45484331, bin not found / already patched!
47:872  0:000  7. [change EHC2 to EH02, optionally pair with SSDT-EH02.aml]: pattern 45484332, bin not found / already patched!
47:872  0:000  8. [change GFX0 to IGPU, optionally pair with SSDT-IGPU.aml]: pattern 47465830, bin not found / already patched!
47:872  0:000  9. [change HDAS to HDEF, optionally pair with SSDT-HDEF.aml]: pattern 48444153, bin not found / already patched!
47:872  0:000  10. [change HECI to IMEI, optionally pair with SSDT-IMEI.aml]: pattern 48454349, bin not found / already patched!
47:872  0:000  11. [change MEI to IMEI, optionally pair with SSDT-IMEI.aml]: pattern 4D45495F, bin not found / already patched!
47:872  0:000  12. [change SAT0 to SATA, optionally pair with SSDT-SATA.aml]: pattern 53415430, bin not found / already patched!
47:872  0:000  13. [change LPC to LPCB, optionally pair with SSDT-EHCI_Disable.aml, SSDT-LPC.aml]: disabled
47:872  0:000  14. [change Method(XWAK,0,N) to ZWAK, pair with SSDT-XWAK.aml]: pattern 5857414B, bin not found / already patched!
47:872  0:000  15. [change Method(XWAK,0,S) to ZWAK, pair with SSDT-XWAK.aml]: pattern 5857414B, bin not found / already patched!
47:872  0:000  16. [change Method(XSEL,0,N) to XSEZ, pair with SSDT-XSEL.aml]: pattern 5853454C, bin not found / already patched!
47:872  0:000  17. [change Method(XSEL,0,S) to XSEZ, pair with SSDT-XSEL.aml]: pattern 5853454C, bin not found / already patched!
47:872  0:000  18. [change Method(ESEL,0,N) to ESEZ, pair with SSDT-ESEL.aml]: pattern 4553454C, bin not found / already patched!
47:872  0:000  19. [change Method(ESEL,0,S) to ESEZ, pair with SSDT-ESEL.aml]: pattern 4553454C, bin not found / already patched!
47:872  0:000  20. [change Method(GPRW,2,N) to XPRW, pair with SSDT-GPRW.aml]: pattern 47505257, bin not found / already patched!
47:872  0:000  21. [change Method(UPRW,2,N) to XPRW, pair with SSDT-UPRW.aml]: pattern 55505257, bin not found / already patched!
47:872  0:000  22. [change LANC Method(_PRW,0,S) to Method(XPRW,0,..), pair with SSDT-LANC_PRW.aml]: pattern 00001900, bin not found / already patched!
47:872  0:000  23. [change Method(_PTS,1,N) to ZPTS, pair with SSDT-PTSWAK.aml]: disabled
47:872  0:000  24. [change Method(_PTS,1,S) to ZPTS, pair with SSDT-PTSWAK.aml]: disabled
47:872  0:000  25. [change Method(_WAK,1,N) to ZWAK, pair with SSDT-PTSWAK.aml]: disabled
47:872  0:000  26. [change Method(_WAK,1,S) to ZWAK, pair with SSDT-PTSWAK.aml]: disabled
47:872  0:000    0 replacements
47:872  0:000  0. [change XHCI to XHC]: pattern 58484349, bin not found / already patched!
47:872  0:000  1. [change PCI0.VID to IGPU #1 (Thinkpad), optionally pair with SSDT-IGPU.aml]: pattern 50434930, bin not found / already patched!
47:872  0:000  2. [change PCI0.VID to IGPU #2 (Thinkpad), optionally pair with SSDT-IGPU.aml]: pattern 5649445F, bin not found / already patched!
47:872  0:000  3. [change EC0 to EC]: disabled
47:872  0:000  4. [change _DSM to XDSM]: pattern 5F44534D, bin not found / already patched!
47:872  0:000  5. [change _OSI to XOSI, pair with SSDT-XOSI.aml]: pattern 5F4F5349, bin not found / already patched!
47:872  0:000  6. [change EHC1 to EH01, optionally pair with SSDT-EH01.aml]: pattern 45484331, bin not found / already patched!
47:872  0:000  7. [change EHC2 to EH02, optionally pair with SSDT-EH02.aml]: pattern 45484332, bin not found / already patched!
47:872  0:000  8. [change GFX0 to IGPU, optionally pair with SSDT-IGPU.aml]: pattern 47465830, bin not found / already patched!
47:872  0:000  9. [change HDAS to HDEF, optionally pair with SSDT-HDEF.aml]: pattern 48444153, bin not found / already patched!
47:872  0:000  10. [change HECI to IMEI, optionally pair with SSDT-IMEI.aml]: pattern 48454349, bin not found / already patched!
47:872  0:000  11. [change MEI to IMEI, optionally pair with SSDT-IMEI.aml]: pattern 4D45495F, bin not found / already patched!
47:872  0:000  12. [change SAT0 to SATA, optionally pair with SSDT-SATA.aml]: pattern 53415430, bin not found / already patched!
47:872  0:000  13. [change LPC to LPCB, optionally pair with SSDT-EHCI_Disable.aml, SSDT-LPC.aml]: disabled
47:872  0:000  14. [change Method(XWAK,0,N) to ZWAK, pair with SSDT-XWAK.aml]: pattern 5857414B, bin not found / already patched!
47:872  0:000  15. [change Method(XWAK,0,S) to ZWAK, pair with SSDT-XWAK.aml]: pattern 5857414B, bin not found / already patched!
47:872  0:000  16. [change Method(XSEL,0,N) to XSEZ, pair with SSDT-XSEL.aml]: pattern 5853454C, bin not found / already patched!
47:872  0:000  17. [change Method(XSEL,0,S) to XSEZ, pair with SSDT-XSEL.aml]: pattern 5853454C, bin not found / already patched!
47:872  0:000  18. [change Method(ESEL,0,N) to ESEZ, pair with SSDT-ESEL.aml]: pattern 4553454C, bin not found / already patched!
47:872  0:000  19. [change Method(ESEL,0,S) to ESEZ, pair with SSDT-ESEL.aml]: pattern 4553454C, bin not found / already patched!
47:872  0:000  20. [change Method(GPRW,2,N) to XPRW, pair with SSDT-GPRW.aml]: pattern 47505257, bin not found / already patched!
47:872  0:000  21. [change Method(UPRW,2,N) to XPRW, pair with SSDT-UPRW.aml]: pattern 55505257, bin not found / already patched!
47:872  0:000  22. [change LANC Method(_PRW,0,S) to Method(XPRW,0,..), pair with SSDT-LANC_PRW.aml]: pattern 00001900, bin not found / already patched!
47:872  0:000  23. [change Method(_PTS,1,N) to ZPTS, pair with SSDT-PTSWAK.aml]: disabled
47:872  0:000  24. [change Method(_PTS,1,S) to ZPTS, pair with SSDT-PTSWAK.aml]: disabled
47:872  0:000  25. [change Method(_WAK,1,N) to ZWAK, pair with SSDT-PTSWAK.aml]: disabled
47:872  0:000  26. [change Method(_WAK,1,S) to ZWAK, pair with SSDT-PTSWAK.aml]: disabled
47:872  0:000    0 replacements
47:872  0:000  Found OperationRegion(PNVS, SystemMemory, 7B741000, ...)
47:872  0:000  0. [change XHCI to XHC]: pattern 58484349, bin not found / already patched!
47:872  0:000  1. [change PCI0.VID to IGPU #1 (Thinkpad), optionally pair with SSDT-IGPU.aml]: pattern 50434930, bin not found / already patched!
47:872  0:000  2. [change PCI0.VID to IGPU #2 (Thinkpad), optionally pair with SSDT-IGPU.aml]: pattern 5649445F, bin not found / already patched!
47:872  0:000  3. [change EC0 to EC]: disabled
47:872  0:000  4. [change _DSM to XDSM]: pattern 5F44534D, bin not found / already patched!
47:872  0:000  5. [change _OSI to XOSI, pair with SSDT-XOSI.aml]: pattern 5F4F5349, bin not found / already patched!
47:872  0:000  6. [change EHC1 to EH01, optionally pair with SSDT-EH01.aml]: pattern 45484331, bin not found / already patched!
47:872  0:000  7. [change EHC2 to EH02, optionally pair with SSDT-EH02.aml]: pattern 45484332, bin not found / already patched!
47:872  0:000  8. [change GFX0 to IGPU, optionally pair with SSDT-IGPU.aml]: pattern 47465830, bin not found / already patched!
47:872  0:000  9. [change HDAS to HDEF, optionally pair with SSDT-HDEF.aml]: pattern 48444153, bin not found / already patched!
47:872  0:000  10. [change HECI to IMEI, optionally pair with SSDT-IMEI.aml]: pattern 48454349, bin not found / already patched!
47:872  0:000  11. [change MEI to IMEI, optionally pair with SSDT-IMEI.aml]: pattern 4D45495F, bin not found / already patched!
47:872  0:000  12. [change SAT0 to SATA, optionally pair with SSDT-SATA.aml]: pattern 53415430, bin not found / already patched!
47:872  0:000  13. [change LPC to LPCB, optionally pair with SSDT-EHCI_Disable.aml, SSDT-LPC.aml]: disabled
47:872  0:000  14. [change Method(XWAK,0,N) to ZWAK, pair with SSDT-XWAK.aml]: pattern 5857414B, bin not found / already patched!
47:872  0:000  15. [change Method(XWAK,0,S) to ZWAK, pair with SSDT-XWAK.aml]: pattern 5857414B, bin not found / already patched!
47:872  0:000  16. [change Method(XSEL,0,N) to XSEZ, pair with SSDT-XSEL.aml]: pattern 5853454C, bin not found / already patched!
47:872  0:000  17. [change Method(XSEL,0,S) to XSEZ, pair with SSDT-XSEL.aml]: pattern 5853454C, bin not found / already patched!
47:872  0:000  18. [change Method(ESEL,0,N) to ESEZ, pair with SSDT-ESEL.aml]: pattern 4553454C, bin not found / already patched!
47:872  0:000  19. [change Method(ESEL,0,S) to ESEZ, pair with SSDT-ESEL.aml]: pattern 4553454C, bin not found / already patched!
47:872  0:000  20. [change Method(GPRW,2,N) to XPRW, pair with SSDT-GPRW.aml]: pattern 47505257, bin not found / already patched!
47:872  0:000  21. [change Method(UPRW,2,N) to XPRW, pair with SSDT-UPRW.aml]: pattern 55505257, bin not found / already patched!
47:872  0:000  22. [change LANC Method(_PRW,0,S) to Method(XPRW,0,..), pair with SSDT-LANC_PRW.aml]: pattern 00001900, bin not found / already patched!
47:872  0:000  23. [change Method(_PTS,1,N) to ZPTS, pair with SSDT-PTSWAK.aml]: disabled
47:872  0:000  24. [change Method(_PTS,1,S) to ZPTS, pair with SSDT-PTSWAK.aml]: disabled
47:872  0:000  25. [change Method(_WAK,1,N) to ZWAK, pair with SSDT-PTSWAK.aml]: disabled
47:872  0:000  26. [change Method(_WAK,1,S) to ZWAK, pair with SSDT-PTSWAK.aml]: disabled
47:872  0:000    0 replacements
47:872  0:000  Found OperationRegion(MBAR, SystemMemory, FED15000, ...)
47:872  0:000  0. [change XHCI to XHC]: pattern 58484349, bin not found / already patched!
47:872  0:000  1. [change PCI0.VID to IGPU #1 (Thinkpad), optionally pair with SSDT-IGPU.aml]: pattern 50434930, bin not found / already patched!
47:872  0:000  2. [change PCI0.VID to IGPU #2 (Thinkpad), optionally pair with SSDT-IGPU.aml]: pattern 5649445F, bin not found / already patched!
47:872  0:000  3. [change EC0 to EC]: disabled
47:872  0:000  4. [change _DSM to XDSM]: pattern 5F44534D, patched at: [ (EE2) (3B) ]
47:872  0:000  5. [change _OSI to XOSI, pair with SSDT-XOSI.aml]: pattern 5F4F5349, bin not found / already patched!
47:872  0:000  6. [change EHC1 to EH01, optionally pair with SSDT-EH01.aml]: pattern 45484331, bin not found / already patched!
47:872  0:000  7. [change EHC2 to EH02, optionally pair with SSDT-EH02.aml]: pattern 45484332, bin not found / already patched!
47:872  0:000  8. [change GFX0 to IGPU, optionally pair with SSDT-IGPU.aml]: pattern 47465830, bin not found / already patched!
47:872  0:000  9. [change HDAS to HDEF, optionally pair with SSDT-HDEF.aml]: pattern 48444153, bin not found / already patched!
47:872  0:000  10. [change HECI to IMEI, optionally pair with SSDT-IMEI.aml]: pattern 48454349, bin not found / already patched!
47:872  0:000  11. [change MEI to IMEI, optionally pair with SSDT-IMEI.aml]: pattern 4D45495F, bin not found / already patched!
47:872  0:000  12. [change SAT0 to SATA, optionally pair with SSDT-SATA.aml]: pattern 53415430, bin not found / already patched!
47:872  0:000  13. [change LPC to LPCB, optionally pair with SSDT-EHCI_Disable.aml, SSDT-LPC.aml]: disabled
47:872  0:000  14. [change Method(XWAK,0,N) to ZWAK, pair with SSDT-XWAK.aml]: pattern 5857414B, bin not found / already patched!
47:872  0:000  15. [change Method(XWAK,0,S) to ZWAK, pair with SSDT-XWAK.aml]: pattern 5857414B, bin not found / already patched!
47:872  0:000  16. [change Method(XSEL,0,N) to XSEZ, pair with SSDT-XSEL.aml]: pattern 5853454C, bin not found / already patched!
47:872  0:000  17. [change Method(XSEL,0,S) to XSEZ, pair with SSDT-XSEL.aml]: pattern 5853454C, bin not found / already patched!
47:872  0:000  18. [change Method(ESEL,0,N) to ESEZ, pair with SSDT-ESEL.aml]: pattern 4553454C, bin not found / already patched!
47:872  0:000  19. [change Method(ESEL,0,S) to ESEZ, pair with SSDT-ESEL.aml]: pattern 4553454C, bin not found / already patched!
47:872  0:000  20. [change Method(GPRW,2,N) to XPRW, pair with SSDT-GPRW.aml]: pattern 47505257, bin not found / already patched!
47:872  0:000  21. [change Method(UPRW,2,N) to XPRW, pair with SSDT-UPRW.aml]: pattern 55505257, bin not found / already patched!
47:872  0:000  22. [change LANC Method(_PRW,0,S) to Method(XPRW,0,..), pair with SSDT-LANC_PRW.aml]: pattern 00001900, bin not found / already patched!
47:872  0:000  23. [change Method(_PTS,1,N) to ZPTS, pair with SSDT-PTSWAK.aml]: disabled
47:872  0:000  24. [change Method(_PTS,1,S) to ZPTS, pair with SSDT-PTSWAK.aml]: disabled
47:872  0:000  25. [change Method(_WAK,1,N) to ZWAK, pair with SSDT-PTSWAK.aml]: disabled
47:873  0:000  26. [change Method(_WAK,1,S) to ZWAK, pair with SSDT-PTSWAK.aml]: disabled
47:873  0:000    0 replacements
47:873  0:000  Found OperationRegion(PDW3, SystemMemory, FDAE0730, ...)
47:873  0:000  0. [change XHCI to XHC]: pattern 58484349, bin not found / already patched!
47:873  0:000  1. [change PCI0.VID to IGPU #1 (Thinkpad), optionally pair with SSDT-IGPU.aml]: pattern 50434930, bin not found / already patched!
47:873  0:000  2. [change PCI0.VID to IGPU #2 (Thinkpad), optionally pair with SSDT-IGPU.aml]: pattern 5649445F, bin not found / already patched!
47:873  0:000  3. [change EC0 to EC]: disabled
47:873  0:000  4. [change _DSM to XDSM]: pattern 5F44534D, bin not found / already patched!
47:873  0:000  5. [change _OSI to XOSI, pair with SSDT-XOSI.aml]: pattern 5F4F5349, bin not found / already patched!
47:873  0:000  6. [change EHC1 to EH01, optionally pair with SSDT-EH01.aml]: pattern 45484331, bin not found / already patched!
47:873  0:000  7. [change EHC2 to EH02, optionally pair with SSDT-EH02.aml]: pattern 45484332, bin not found / already patched!
47:873  0:000  8. [change GFX0 to IGPU, optionally pair with SSDT-IGPU.aml]: pattern 47465830, bin not found / already patched!
47:873  0:000  9. [change HDAS to HDEF, optionally pair with SSDT-HDEF.aml]: pattern 48444153, bin not found / already patched!
47:873  0:000  10. [change HECI to IMEI, optionally pair with SSDT-IMEI.aml]: pattern 48454349, bin not found / already patched!
47:873  0:000  11. [change MEI to IMEI, optionally pair with SSDT-IMEI.aml]: pattern 4D45495F, bin not found / already patched!
47:873  0:000  12. [change SAT0 to SATA, optionally pair with SSDT-SATA.aml]: pattern 53415430, bin not found / already patched!
47:873  0:000  13. [change LPC to LPCB, optionally pair with SSDT-EHCI_Disable.aml, SSDT-LPC.aml]: disabled
47:873  0:000  14. [change Method(XWAK,0,N) to ZWAK, pair with SSDT-XWAK.aml]: pattern 5857414B, bin not found / already patched!
47:873  0:000  15. [change Method(XWAK,0,S) to ZWAK, pair with SSDT-XWAK.aml]: pattern 5857414B, bin not found / already patched!
47:873  0:000  16. [change Method(XSEL,0,N) to XSEZ, pair with SSDT-XSEL.aml]: pattern 5853454C, bin not found / already patched!
47:873  0:000  17. [change Method(XSEL,0,S) to XSEZ, pair with SSDT-XSEL.aml]: pattern 5853454C, bin not found / already patched!
47:873  0:000  18. [change Method(ESEL,0,N) to ESEZ, pair with SSDT-ESEL.aml]: pattern 4553454C, bin not found / already patched!
47:873  0:000  19. [change Method(ESEL,0,S) to ESEZ, pair with SSDT-ESEL.aml]: pattern 4553454C, bin not found / already patched!
47:873  0:000  20. [change Method(GPRW,2,N) to XPRW, pair with SSDT-GPRW.aml]: pattern 47505257, bin not found / already patched!
47:873  0:000  21. [change Method(UPRW,2,N) to XPRW, pair with SSDT-UPRW.aml]: pattern 55505257, bin not found / already patched!
47:873  0:000  22. [change LANC Method(_PRW,0,S) to Method(XPRW,0,..), pair with SSDT-LANC_PRW.aml]: pattern 00001900, bin not found / already patched!
47:873  0:000  23. [change Method(_PTS,1,N) to ZPTS, pair with SSDT-PTSWAK.aml]: disabled
47:873  0:000  24. [change Method(_PTS,1,S) to ZPTS, pair with SSDT-PTSWAK.aml]: disabled
47:873  0:000  25. [change Method(_WAK,1,N) to ZWAK, pair with SSDT-PTSWAK.aml]: disabled
47:873  0:000  26. [change Method(_WAK,1,S) to ZWAK, pair with SSDT-PTSWAK.aml]: disabled
47:873  0:000    0 replacements
47:873  0:000  Found OperationRegion(PDW0, SystemMemory, FDAE0520, ...)
47:873  0:000  Found OperationRegion(PDW1, SystemMemory, FDAE0538, ...)
47:873  0:000  Found OperationRegion(PDW2, SystemMemory, FDAE0510, ...)
47:873  0:000  === [ ACPIPatchedAML ] ====================================
47:873  0:000  Unsorted
47:873  0:000  Inserting SSDT-PS2K-T460.aml from EFI\CLOVER\ACPI\patched: size=811 ... Success
47:874  0:001  Inserting SSDT-PNLF-T460.aml from EFI\CLOVER\ACPI\patched: size=94 ... Success
47:874  0:000  Inserting SSDT-HACK-T460.aml from EFI\CLOVER\ACPI\patched: size=204 ... Success
47:874  0:000  Inserting SSDT-SMBUS.aml from EFI\CLOVER\ACPI\patched: size=139 ... Success
47:875  0:000  Inserting SSDT-RMCF.aml from EFI\CLOVER\ACPI\patched: size=903 ... Success
47:875  0:000  Inserting SSDT-SATA-auto.aml from EFI\CLOVER\ACPI\patched: size=351 ... Success
47:875  0:000  Inserting SSDT-IGPU.aml from EFI\CLOVER\ACPI\patched: size=5433 ... Success
47:875  0:000  Inserting SSDT-XHC.aml from EFI\CLOVER\ACPI\patched: size=959 ... Success
47:875  0:000  Inserting SSDT-HDEF.aml from EFI\CLOVER\ACPI\patched: size=338 ... Success
47:875  0:000  Inserting SSDT-LPC.aml from EFI\CLOVER\ACPI\patched: size=119 ... Success
47:875  0:000  Inserting SSDT-%PTSWAK-merge.aml from EFI\CLOVER\ACPI\patched: size=714 ... Success
47:875  0:000  Inserting SSDT-DGPU.aml from EFI\CLOVER\ACPI\patched: size=1257 ... Success
47:875  0:000  Inserting SSDT-CPU.aml from EFI\CLOVER\ACPI\patched: size=137 ... Success
47:875  0:000  CPUBase=0 and ApicCPUBase=1 ApicCPUNum=8
47:875  0:000  Maximum control=0x1B
47:875  0:000  Turbo control=0x24
47:875  0:000  P-States: min 0x8, max 0x24
47:875  0:000  SSDT with plugin-type without P-States is generated
47:875  0:000  SSDT with CPU C-States generated successfully
47:875  0:000  Cleanup XSDT: count=39, length=348
47:875  0:000  corrected XSDT count=39, length=348
47:875  0:000  === [ RestSetup macOS ] ===================================
47:875  0:000  EdidDiscovered size=128
47:875  0:000  --- Discovered EDID Table size:128
47:875  0:000  000  |  00  FF  FF  FF  FF  FF  FF  00  30  E4
47:875  0:000  010  |  9A  04  00  00  00  00  00  18  01  04
47:875  0:000  020  |  A5  1F  11  78  02  17  15  A5  56  51
47:875  0:000  030  |  9C  27  0C  50  54  00  00  00  01  01
47:875  0:000  040  |  01  01  01  01  01  01  01  01  01  01
47:875  0:000  050  |  01  01  01  01  E4  5C  00  A0  A0  A0
47:875  0:000  060  |  11  50  30  20  23  00  36  AE  10  00
47:875  0:000  070  |  00  1A  00  00  00  00  00  00  00  00
47:875  0:000  080  |  00  00  00  00  00  00  00  00  00  00
47:875  0:000  090  |  00  00  00  FE  00  4C  47  20  44  69
47:875  0:000  100  |  73  70  6C  61  79  0A  20  20  00  00
47:875  0:000  110  |  00  FE  00  4C  50  31  34  30  51  48
47:875  0:000  120  |  31  2D  53  50  46  31  00  DA
47:875  0:000  add device: PciRoot(0x0)/Pci(0x1F,0x3)
47:875  0:000     Add key=layout-id valuelen=4
47:875  0:000     Add key=device-id valuelen=4
47:875  0:000  Intel GFX injection not set
47:876  0:000   RCBA disabled; cannot use it
47:876  0:000  stringlength = 902
47:876  0:000  CurrentMode: Width=2560 Height=1440
47:876  0:000  Beginning FSInjection
FSInjectionInstall ...
- Our FSI_SIMPLE_FILE_SYSTEM_PROTOCOL installed on handle: 86BEF298
FSInjectionInstall ...
- Our FSI_SIMPLE_FILE_SYSTEM_PROTOCOL installed on handle: 86BEF298
47:882  0:005  Use origin smbios table type 1 guid.
47:885  0:002  Preparing kexts injection for arch=x86_64 from EFI\CLOVER\kexts\Other
47:885  0:000  Extra kext: EFI\CLOVER\kexts\Other\SATA-100-series-unsupported.kext (v.0.5.1)
47:891  0:006  Extra kext: EFI\CLOVER\kexts\Other\BrcmPatchRAM2.kext (v.2.2.10)
48:014  0:123  Extra kext: EFI\CLOVER\kexts\Other\FakePCIID_Broadcom_WiFi.kext (v.1.3.14)
48:029  0:014  Extra kext: EFI\CLOVER\kexts\Other\FakePCIID.kext (v.1.3.14)
48:038  0:009  Extra kext: EFI\CLOVER\kexts\Other\FakePCIID_XHCIMux.kext (v.1.3.14)
48:053  0:014  Extra kext: EFI\CLOVER\kexts\Other\IntelGraphicsDVMTFixup.kext (v.1.2.0)
48:065  0:012  Extra kext: EFI\CLOVER\kexts\Other\USBPorts.kext (v.1.0)
48:073  0:007  Extra kext: EFI\CLOVER\kexts\Other\IntelMausiEthernet.kext (v.2.4.0d0)
48:084  0:011  Extra kext: EFI\CLOVER\kexts\Other\WhateverGreen.kext (v.1.2.4)
48:100  0:015  Extra kext: EFI\CLOVER\kexts\Other\VoodooPS2Controller.kext (v.1.8.34)
48:118  0:017    |-- PlugIn kext: EFI\CLOVER\kexts\Other\VoodooPS2Controller.kext\Contents\PlugIns\VoodooPS2Mouse.kext (v.1.8.34)
48:133  0:015    |-- PlugIn kext: EFI\CLOVER\kexts\Other\VoodooPS2Controller.kext\Contents\PlugIns\VoodooPS2Keyboard.kext (v.1.8.34)
48:172  0:038    |-- PlugIn kext: EFI\CLOVER\kexts\Other\VoodooPS2Controller.kext\Contents\PlugIns\VoodooPS2Trackpad.kext (v.1.8.34)
48:209  0:036  Extra kext: EFI\CLOVER\kexts\Other\AppleALC.kext (v.1.3.3)
48:871  0:661  Extra kext: EFI\CLOVER\kexts\Other\AirportBrcmFixup.kext (v.1.1.4)
48:895  0:024  Extra kext: EFI\CLOVER\kexts\Other\NoTouchID.kext (v.1.0.1)
48:908  0:013  Extra kext: EFI\CLOVER\kexts\Other\FakeSMC.kext (v.1443)
48:950  0:042    |-- PlugIn kext: EFI\CLOVER\kexts\Other\FakeSMC.kext\Contents\PlugIns\ACPISensors.kext (v.1443)
48:982  0:031    |-- PlugIn kext: EFI\CLOVER\kexts\Other\FakeSMC.kext\Contents\PlugIns\CPUSensors.kext (v.1443)
48:997  0:014  Extra kext: EFI\CLOVER\kexts\Other\BrcmFirmwareData.kext (v.2.2.10)
49:016  0:019  Extra kext: EFI\CLOVER\kexts\Other\Lilu.kext (v.1.2.7)
49:031  0:015  Extra kext: EFI\CLOVER\kexts\Other\ACPIBatteryManager.kext (v.1.90.1)
49:049  0:017  Preparing kexts injection for arch=x86_64 from EFI\CLOVER\kexts\10.13
49:051  0:001  SetStartupDiskVolume:
49:051  0:000    * Volume: 'Macintosh HD'
49:051  0:000    * LoaderPath: '<null string>'
49:051  0:000    * DevPath: Macintosh HD
49:051  0:000    * GUID = 3A155AF9-5109-46D6-B0A4-81B671172ABB
49:051  0:000    * efi-boot-device: <array><dict><key>IOMatch</key><dict><key>IOProviderClass</key><string>IOMedia</string><key>IOPropertyMatch</key><dict><key>UUID</key><string>3A155AF9-5109-46D6-B0A4-81B671172ABB</string></dict></dict></dict></array>
49:051  0:000  SetScreenResolution: 2560x1440 - already set
49:051  0:000  Custom boot is disabled
49:052  0:000  Closing log
